<?xml version="1.0" encoding="UTF-8"?>
  <testsuites tests="30" disabled="1" errors="0" failures="0" time="1145.673206337">
      <testsuite name="Scenarios Suite" package="/mnt/d/code/symphony/test/integration/scenarios/06.ado" tests="30" disabled="1" skipped="0" errors="0" failures="0" time="1145.673206337" timestamp="2025-01-23T21:03:02">
          <properties>
              <property name="SuiteSucceeded" value="true"></property>
              <property name="SuiteHasProgrammaticFocus" value="false"></property>
              <property name="SpecialSuiteFailureReason" value=""></property>
              <property name="SuiteLabels" value="[]"></property>
              <property name="RandomSeed" value="1737637374"></property>
              <property name="RandomizeAllSpecs" value="false"></property>
              <property name="LabelFilter" value=""></property>
              <property name="FocusStrings" value=""></property>
              <property name="SkipStrings" value=""></property>
              <property name="FocusFiles" value=""></property>
              <property name="SkipFiles" value=""></property>
              <property name="FailOnPending" value="false"></property>
              <property name="FailFast" value="false"></property>
              <property name="FlakeAttempts" value="0"></property>
              <property name="DryRun" value="false"></property>
              <property name="ParallelTotal" value="1"></property>
              <property name="OutputInterceptorMode" value=""></property>
          </properties>
          <testcase name="[BeforeSuite]" classname="Scenarios Suite" status="passed" time="5.076641504">
              <system-err>&gt; Enter [BeforeSuite] TOP-LEVEL - /mnt/d/code/symphony/test/integration/scenarios/06.ado/suite_test.go:53 @ 01/23/25 21:03:02.069&#xA;�[35m&gt;�[0m�[1m cd /mnt/d/code/symphony/test/localenv &amp;&amp; mage cluster:deploy�[0m&#xA;Deploying symphony to minikube&#xA;&gt; kubectl config use-context minikube&#xA;Switched to context &#34;minikube&#34;.&#xA;[DONE] (425.932565ms) &#39;start minikube&#39;&#xA;&gt; helm upgrade ecosystem ../../packages/helm/symphony --install -n default --create-namespace --wait -f ../../packages/helm/symphony/values.yaml -f symphony-ghcr-values.yaml --set symphonyImage.tag=latest --set paiImage.tag=latest&#xA;WARNING: Kubernetes configuration file is group-readable. This is insecure. Location: /home/yanjiaxin/.kube/config&#xA;WARNING: Kubernetes configuration file is world-readable. This is insecure. Location: /home/yanjiaxin/.kube/config&#xA;Release &#34;ecosystem&#34; has been upgraded. Happy Helming!&#xA;NAME: ecosystem&#xA;LAST DEPLOYED: Thu Jan 23 21:03:04 2025&#xA;NAMESPACE: default&#xA;STATUS: deployed&#xA;REVISION: 2&#xA;TEST SUITE: None&#xA;&gt; kubectl wait --for=condition=ready certificates symphony-api-serving-cert  -n default --timeout=90s&#xA;certificate.cert-manager.io/symphony-api-serving-cert condition met&#xA;&gt; kubectl wait --for=condition=ready certificates symphony-serving-cert -n default --timeout=90s&#xA;certificate.cert-manager.io/symphony-serving-cert condition met&#xA;&lt; Exit [BeforeSuite] TOP-LEVEL - /mnt/d/code/symphony/test/integration/scenarios/06.ado/suite_test.go:53 @ 01/23/25 21:03:07.145 (5.077s)&#xA;</system-err>
          </testcase>
          <testcase name="[It] Create resources with sequential changes when performing create/update operations it should deploy empty target and solution" classname="Scenarios Suite" status="passed" time="15.246334841">
              <system-err>&gt; Enter [BeforeAll] Create resources with sequential changes - /mnt/d/code/symphony/test/integration/scenarios/06.ado/create_update_test.go:38 @ 01/23/25 21:03:07.155&#xA;STEP: installing orchestrator in the cluster - /mnt/d/code/symphony/test/integration/scenarios/06.ado/create_update_test.go:39 @ 01/23/25 21:03:07.156&#xA;�[35m&gt;�[0m�[1m cd /mnt/d/code/symphony/test/localenv &amp;&amp; mage cluster:deploy�[0m&#xA;Deploying symphony to minikube&#xA;&gt; kubectl config use-context minikube&#xA;Switched to context &#34;minikube&#34;.&#xA;[DONE] (348.867547ms) &#39;start minikube&#39;&#xA;&gt; helm upgrade ecosystem ../../packages/helm/symphony --install -n default --create-namespace --wait -f ../../packages/helm/symphony/values.yaml -f symphony-ghcr-values.yaml --set symphonyImage.tag=latest --set paiImage.tag=latest&#xA;WARNING: Kubernetes configuration file is group-readable. This is insecure. Location: /home/yanjiaxin/.kube/config&#xA;WARNING: Kubernetes configuration file is world-readable. This is insecure. Location: /home/yanjiaxin/.kube/config&#xA;Release &#34;ecosystem&#34; has been upgraded. Happy Helming!&#xA;NAME: ecosystem&#xA;LAST DEPLOYED: Thu Jan 23 21:03:09 2025&#xA;NAMESPACE: default&#xA;STATUS: deployed&#xA;REVISION: 3&#xA;TEST SUITE: None&#xA;&gt; kubectl wait --for=condition=ready certificates symphony-api-serving-cert  -n default --timeout=90s&#xA;certificate.cert-manager.io/symphony-api-serving-cert condition met&#xA;&gt; kubectl wait --for=condition=ready certificates symphony-serving-cert -n default --timeout=90s&#xA;certificate.cert-manager.io/symphony-serving-cert condition met&#xA;STEP: setting the default testing lib logger - /mnt/d/code/symphony/test/integration/scenarios/06.ado/create_update_test.go:42 @ 01/23/25 21:03:11.98&#xA;&lt; Exit [BeforeAll] Create resources with sequential changes - /mnt/d/code/symphony/test/integration/scenarios/06.ado/create_update_test.go:38 @ 01/23/25 21:03:11.98 (4.825s)&#xA;&gt; Enter [It] it should deploy empty target and solution - /mnt/d/code/symphony/test/integration/scenarios/06.ado/create_update_test.go:115 @ 01/23/25 21:03:11.98&#xA;STEP: deploy solution container - /mnt/d/code/symphony/test/integration/scenarios/06.ado/create_update_test.go:63 @ 01/23/25 21:03:11.98&#xA;�[35m&gt;�[0m�[1m kubectl apply -f -�[0m&#xA;solutioncontainer.solution.symphony/solution created&#xA;STEP: setting the components for the target - /mnt/d/code/symphony/test/integration/scenarios/06.ado/create_update_test.go:69 @ 01/23/25 21:03:12.08&#xA;STEP: setting the components for the solution - /mnt/d/code/symphony/test/integration/scenarios/06.ado/create_update_test.go:85 @ 01/23/25 21:03:12.08&#xA;STEP: preparing the instance bytes with a new operation id for the test - /mnt/d/code/symphony/test/integration/scenarios/06.ado/create_update_test.go:91 @ 01/23/25 21:03:12.08&#xA;STEP: deploying the target - /mnt/d/code/symphony/test/integration/scenarios/06.ado/create_update_test.go:97 @ 01/23/25 21:03:12.08&#xA;�[35m&gt;�[0m�[1m kubectl apply -f -�[0m&#xA;target.fabric.symphony/target created&#xA;STEP: deploying the solution - /mnt/d/code/symphony/test/integration/scenarios/06.ado/create_update_test.go:101 @ 01/23/25 21:03:12.167&#xA;�[35m&gt;�[0m�[1m kubectl apply -f -�[0m&#xA;solution.solution.symphony/solution-v-v1 created&#xA;STEP: deploying the instance - /mnt/d/code/symphony/test/integration/scenarios/06.ado/create_update_test.go:105 @ 01/23/25 21:03:12.268&#xA;�[35m&gt;�[0m�[1m kubectl apply -f -�[0m&#xA;instance.solution.symphony/instance created&#xA;[all expectation]: checking if all expectations are satisfied&#xA;[all expectation]: checking expectation 1 of 2: [solution.symphony/v1, Kind=Instance: ^instance$]&#xA;  [solution.symphony/v1, Kind=Instance: ^instance$]: --------------------------------------------------------------------------------&#xA;  [solution.symphony/v1, Kind=Instance: ^instance$]: Verifying resource&#xA;  [solution.symphony/v1, Kind=Instance: ^instance$]: Resource matches returned. 1 matches&#xA;    [all group]: checking if all conditions are satisfied&#xA;    [all group]: checking condition 1 of 1: [Provisioning Status]&#xA;      [Provisioning Status]: Evaluating jq condition on resource&#xA;      [Provisioning Status]: Comparing Succeeded with &lt;nil&gt;&#xA;    [all group]: condition 1 of 1 failed: expected Succeeded, got nil&#xA;  [solution.symphony/v1, Kind=Instance: ^instance$]: Resource verification failed: expected Succeeded, got nil&#xA;  [solution.symphony/v1, Kind=Instance: ^instance$]: --------------------------------------------------------------------------------&#xA;  [solution.symphony/v1, Kind=Instance: ^instance$]: Verifying resource&#xA;  [solution.symphony/v1, Kind=Instance: ^instance$]: Resource matches returned. 1 matches&#xA;    [all group]: checking if all conditions are satisfied&#xA;    [all group]: checking condition 1 of 1: [Provisioning Status]&#xA;      [Provisioning Status]: Evaluating jq condition on resource&#xA;      [Provisioning Status]: Comparing Succeeded with Succeeded&#xA;    [all group]: condition 1 of 1 was satisfied: [Provisioning Status]&#xA;    [all group]: all conditions were satisfied&#xA;[all expectation]: expectation 1 of 2 was satisfied [solution.symphony/v1, Kind=Instance: ^instance$]&#xA;[all expectation]: checking expectation 2 of 2: [fabric.symphony/v1, Kind=Target: ^target$]&#xA;  [fabric.symphony/v1, Kind=Target: ^target$]: --------------------------------------------------------------------------------&#xA;  [fabric.symphony/v1, Kind=Target: ^target$]: Verifying resource&#xA;  [fabric.symphony/v1, Kind=Target: ^target$]: Resource matches returned. 1 matches&#xA;    [all group]: checking if all conditions are satisfied&#xA;    [all group]: checking condition 1 of 1: [Provisioning Status]&#xA;      [Provisioning Status]: Evaluating jq condition on resource&#xA;      [Provisioning Status]: Comparing Succeeded with Succeeded&#xA;    [all group]: condition 1 of 1 was satisfied: [Provisioning Status]&#xA;    [all group]: all conditions were satisfied&#xA;[all expectation]: expectation 2 of 2 was satisfied [fabric.symphony/v1, Kind=Target: ^target$]&#xA;[all expectation]: all expectations were satisfied&#xA;&lt; Exit [It] it should deploy empty target and solution - /mnt/d/code/symphony/test/integration/scenarios/06.ado/create_update_test.go:115 @ 01/23/25 21:03:22.401 (10.421s)&#xA;&gt; Enter [JustAfterEach] Create resources with sequential changes - /mnt/d/code/symphony/test/integration/scenarios/06.ado/create_update_test.go:53 @ 01/23/25 21:03:22.401&#xA;&lt; Exit [JustAfterEach] Create resources with sequential changes - /mnt/d/code/symphony/test/integration/scenarios/06.ado/create_update_test.go:53 @ 01/23/25 21:03:22.401 (0s)&#xA;</system-err>
          </testcase>
          <testcase name="[It] Create resources with sequential changes when performing create/update operations it should update the target with a simple helm chart" classname="Scenarios Suite" status="passed" time="20.640569433">
              <system-err>&gt; Enter [It] it should update the target with a simple helm chart - /mnt/d/code/symphony/test/integration/scenarios/06.ado/create_update_test.go:125 @ 01/23/25 21:03:22.401&#xA;STEP: deploy solution container - /mnt/d/code/symphony/test/integration/scenarios/06.ado/create_update_test.go:63 @ 01/23/25 21:03:22.401&#xA;�[35m&gt;�[0m�[1m kubectl apply -f -�[0m&#xA;solutioncontainer.solution.symphony/solution unchanged&#xA;STEP: setting the components for the target - /mnt/d/code/symphony/test/integration/scenarios/06.ado/create_update_test.go:69 @ 01/23/25 21:03:22.536&#xA;STEP: setting the components for the solution - /mnt/d/code/symphony/test/integration/scenarios/06.ado/create_update_test.go:85 @ 01/23/25 21:03:22.536&#xA;STEP: preparing the instance bytes with a new operation id for the test - /mnt/d/code/symphony/test/integration/scenarios/06.ado/create_update_test.go:91 @ 01/23/25 21:03:22.536&#xA;STEP: deploying the target - /mnt/d/code/symphony/test/integration/scenarios/06.ado/create_update_test.go:97 @ 01/23/25 21:03:22.536&#xA;�[35m&gt;�[0m�[1m kubectl apply -f -�[0m&#xA;target.fabric.symphony/target configured&#xA;STEP: deploying the solution - /mnt/d/code/symphony/test/integration/scenarios/06.ado/create_update_test.go:101 @ 01/23/25 21:03:22.672&#xA;�[35m&gt;�[0m�[1m kubectl apply -f -�[0m&#xA;solution.solution.symphony/solution-v-v1 configured&#xA;STEP: deploying the instance - /mnt/d/code/symphony/test/integration/scenarios/06.ado/create_update_test.go:105 @ 01/23/25 21:03:22.819&#xA;�[35m&gt;�[0m�[1m kubectl apply -f -�[0m&#xA;instance.solution.symphony/instance configured&#xA;[all expectation]: checking if all expectations are satisfied&#xA;[all expectation]: checking expectation 1 of 3: [fabric.symphony/v1, Kind=Target: ^target$]&#xA;  [fabric.symphony/v1, Kind=Target: ^target$]: --------------------------------------------------------------------------------&#xA;  [fabric.symphony/v1, Kind=Target: ^target$]: Verifying resource&#xA;  [fabric.symphony/v1, Kind=Target: ^target$]: Resource matches returned. 1 matches&#xA;    [all group]: checking if all conditions are satisfied&#xA;    [all group]: checking condition 1 of 1: [Provisioning Status]&#xA;      [Provisioning Status]: Evaluating jq condition on resource&#xA;      [Provisioning Status]: Comparing Succeeded with Reconciling&#xA;    [all group]: condition 1 of 1 failed: expected Succeeded, got Reconciling&#xA;  [fabric.symphony/v1, Kind=Target: ^target$]: Resource verification failed: expected Succeeded, got Reconciling&#xA;  [fabric.symphony/v1, Kind=Target: ^target$]: --------------------------------------------------------------------------------&#xA;  [fabric.symphony/v1, Kind=Target: ^target$]: Verifying resource&#xA;  [fabric.symphony/v1, Kind=Target: ^target$]: Resource matches returned. 1 matches&#xA;    [all group]: checking if all conditions are satisfied&#xA;    [all group]: checking condition 1 of 1: [Provisioning Status]&#xA;      [Provisioning Status]: Evaluating jq condition on resource&#xA;      [Provisioning Status]: Comparing Succeeded with Reconciling&#xA;    [all group]: condition 1 of 1 failed: expected Succeeded, got Reconciling&#xA;  [fabric.symphony/v1, Kind=Target: ^target$]: Resource verification failed: expected Succeeded, got Reconciling&#xA;  [fabric.symphony/v1, Kind=Target: ^target$]: --------------------------------------------------------------------------------&#xA;  [fabric.symphony/v1, Kind=Target: ^target$]: Verifying resource&#xA;  [fabric.symphony/v1, Kind=Target: ^target$]: Resource matches returned. 1 matches&#xA;    [all group]: checking if all conditions are satisfied&#xA;    [all group]: checking condition 1 of 1: [Provisioning Status]&#xA;      [Provisioning Status]: Evaluating jq condition on resource&#xA;      [Provisioning Status]: Comparing Succeeded with Succeeded&#xA;    [all group]: condition 1 of 1 was satisfied: [Provisioning Status]&#xA;    [all group]: all conditions were satisfied&#xA;[all expectation]: expectation 1 of 3 was satisfied [fabric.symphony/v1, Kind=Target: ^target$]&#xA;[all expectation]: checking expectation 2 of 3: [solution.symphony/v1, Kind=Instance: ^instance$]&#xA;  [solution.symphony/v1, Kind=Instance: ^instance$]: --------------------------------------------------------------------------------&#xA;  [solution.symphony/v1, Kind=Instance: ^instance$]: Verifying resource&#xA;  [solution.symphony/v1, Kind=Instance: ^instance$]: Resource matches returned. 1 matches&#xA;    [all group]: checking if all conditions are satisfied&#xA;    [all group]: checking condition 1 of 1: [Provisioning Status]&#xA;      [Provisioning Status]: Evaluating jq condition on resource&#xA;      [Provisioning Status]: Comparing Succeeded with Succeeded&#xA;    [all group]: condition 1 of 1 was satisfied: [Provisioning Status]&#xA;    [all group]: all conditions were satisfied&#xA;[all expectation]: expectation 2 of 3 was satisfied [solution.symphony/v1, Kind=Instance: ^instance$]&#xA;[all expectation]: checking expectation 3 of 3: [helm expectation: ^simple-chart-1$]&#xA;  [helm expectation: ^simple-chart-1$]: --------------------------------------------------------------------------------&#xA;  [helm expectation: ^simple-chart-1$]: Verifying helm release&#xA;  [helm expectation: ^simple-chart-1$]: Found 1 releases&#xA;  [helm expectation: ^simple-chart-1$]: Action Type: *action.List&#xA;  [helm expectation: ^simple-chart-1$]: Found 1 matching releases&#xA;  [helm expectation: ^simple-chart-1$]: Verifying conditions&#xA;    [all group]: checking if all conditions are satisfied&#xA;    [all group]: checking condition 1 of 1: [basic condition]&#xA;    [all group]: condition 1 of 1 was satisfied: [basic condition]&#xA;    [all group]: all conditions were satisfied&#xA;    [all group]: checking if all conditions are satisfied&#xA;    [all group]: checking condition 1 of 1: [.info.status]&#xA;      [.info.status]: Evaluating jq condition on resource&#xA;      [.info.status]: Comparing deployed with deployed&#xA;    [all group]: condition 1 of 1 was satisfied: [.info.status]&#xA;    [all group]: all conditions were satisfied&#xA;[all expectation]: expectation 3 of 3 was satisfied [helm expectation: ^simple-chart-1$]&#xA;[all expectation]: all expectations were satisfied&#xA;&lt; Exit [It] it should update the target with a simple helm chart - /mnt/d/code/symphony/test/integration/scenarios/06.ado/create_update_test.go:125 @ 01/23/25 21:03:43.04 (20.641s)&#xA;&gt; Enter [JustAfterEach] Create resources with sequential changes - /mnt/d/code/symphony/test/integration/scenarios/06.ado/create_update_test.go:53 @ 01/23/25 21:03:43.04&#xA;&lt; Exit [JustAfterEach] Create resources with sequential changes - /mnt/d/code/symphony/test/integration/scenarios/06.ado/create_update_test.go:53 @ 01/23/25 21:03:43.041 (0s)&#xA;</system-err>
          </testcase>
          <testcase name="[It] Create resources with sequential changes when performing create/update operations it should deploy another simple helm chart in the solution so there are 2 helm releases" classname="Scenarios Suite" status="passed" time="30.650010751">
              <system-err>&gt; Enter [It] it should deploy another simple helm chart in the solution so there are 2 helm releases - /mnt/d/code/symphony/test/integration/scenarios/06.ado/create_update_test.go:142 @ 01/23/25 21:03:43.041&#xA;STEP: deploy solution container - /mnt/d/code/symphony/test/integration/scenarios/06.ado/create_update_test.go:63 @ 01/23/25 21:03:43.041&#xA;�[35m&gt;�[0m�[1m kubectl apply -f -�[0m&#xA;solutioncontainer.solution.symphony/solution unchanged&#xA;STEP: setting the components for the target - /mnt/d/code/symphony/test/integration/scenarios/06.ado/create_update_test.go:69 @ 01/23/25 21:03:43.19&#xA;STEP: setting the components for the solution - /mnt/d/code/symphony/test/integration/scenarios/06.ado/create_update_test.go:85 @ 01/23/25 21:03:43.19&#xA;STEP: preparing the instance bytes with a new operation id for the test - /mnt/d/code/symphony/test/integration/scenarios/06.ado/create_update_test.go:91 @ 01/23/25 21:03:43.19&#xA;STEP: deploying the target - /mnt/d/code/symphony/test/integration/scenarios/06.ado/create_update_test.go:97 @ 01/23/25 21:03:43.19&#xA;�[35m&gt;�[0m�[1m kubectl apply -f -�[0m&#xA;target.fabric.symphony/target configured&#xA;STEP: deploying the solution - /mnt/d/code/symphony/test/integration/scenarios/06.ado/create_update_test.go:101 @ 01/23/25 21:03:43.344&#xA;�[35m&gt;�[0m�[1m kubectl apply -f -�[0m&#xA;solution.solution.symphony/solution-v-v1 configured&#xA;STEP: deploying the instance - /mnt/d/code/symphony/test/integration/scenarios/06.ado/create_update_test.go:105 @ 01/23/25 21:03:43.488&#xA;�[35m&gt;�[0m�[1m kubectl apply -f -�[0m&#xA;instance.solution.symphony/instance configured&#xA;[all expectation]: checking if all expectations are satisfied&#xA;[all expectation]: checking expectation 1 of 5: [fabric.symphony/v1, Kind=Target: ^target$]&#xA;  [fabric.symphony/v1, Kind=Target: ^target$]: --------------------------------------------------------------------------------&#xA;  [fabric.symphony/v1, Kind=Target: ^target$]: Verifying resource&#xA;  [fabric.symphony/v1, Kind=Target: ^target$]: Resource matches returned. 1 matches&#xA;    [all group]: checking if all conditions are satisfied&#xA;    [all group]: checking condition 1 of 1: [Provisioning Status]&#xA;      [Provisioning Status]: Evaluating jq condition on resource&#xA;      [Provisioning Status]: Comparing Succeeded with Reconciling&#xA;    [all group]: condition 1 of 1 failed: expected Succeeded, got Reconciling&#xA;  [fabric.symphony/v1, Kind=Target: ^target$]: Resource verification failed: expected Succeeded, got Reconciling&#xA;  [fabric.symphony/v1, Kind=Target: ^target$]: --------------------------------------------------------------------------------&#xA;  [fabric.symphony/v1, Kind=Target: ^target$]: Verifying resource&#xA;  [fabric.symphony/v1, Kind=Target: ^target$]: Resource matches returned. 1 matches&#xA;    [all group]: checking if all conditions are satisfied&#xA;    [all group]: checking condition 1 of 1: [Provisioning Status]&#xA;      [Provisioning Status]: Evaluating jq condition on resource&#xA;      [Provisioning Status]: Comparing Succeeded with Reconciling&#xA;    [all group]: condition 1 of 1 failed: expected Succeeded, got Reconciling&#xA;  [fabric.symphony/v1, Kind=Target: ^target$]: Resource verification failed: expected Succeeded, got Reconciling&#xA;  [fabric.symphony/v1, Kind=Target: ^target$]: --------------------------------------------------------------------------------&#xA;  [fabric.symphony/v1, Kind=Target: ^target$]: Verifying resource&#xA;  [fabric.symphony/v1, Kind=Target: ^target$]: Resource matches returned. 1 matches&#xA;    [all group]: checking if all conditions are satisfied&#xA;    [all group]: checking condition 1 of 1: [Provisioning Status]&#xA;      [Provisioning Status]: Evaluating jq condition on resource&#xA;      [Provisioning Status]: Comparing Succeeded with Succeeded&#xA;    [all group]: condition 1 of 1 was satisfied: [Provisioning Status]&#xA;    [all group]: all conditions were satisfied&#xA;[all expectation]: expectation 1 of 5 was satisfied [fabric.symphony/v1, Kind=Target: ^target$]&#xA;[all expectation]: checking expectation 2 of 5: [solution.symphony/v1, Kind=Instance: ^instance$]&#xA;  [solution.symphony/v1, Kind=Instance: ^instance$]: --------------------------------------------------------------------------------&#xA;  [solution.symphony/v1, Kind=Instance: ^instance$]: Verifying resource&#xA;  [solution.symphony/v1, Kind=Instance: ^instance$]: Resource matches returned. 1 matches&#xA;    [all group]: checking if all conditions are satisfied&#xA;    [all group]: checking condition 1 of 1: [Provisioning Status]&#xA;      [Provisioning Status]: Evaluating jq condition on resource&#xA;      [Provisioning Status]: Comparing Succeeded with Reconciling&#xA;    [all group]: condition 1 of 1 failed: expected Succeeded, got Reconciling&#xA;  [solution.symphony/v1, Kind=Instance: ^instance$]: Resource verification failed: expected Succeeded, got Reconciling&#xA;  [solution.symphony/v1, Kind=Instance: ^instance$]: --------------------------------------------------------------------------------&#xA;  [solution.symphony/v1, Kind=Instance: ^instance$]: Verifying resource&#xA;  [solution.symphony/v1, Kind=Instance: ^instance$]: Resource matches returned. 1 matches&#xA;    [all group]: checking if all conditions are satisfied&#xA;    [all group]: checking condition 1 of 1: [Provisioning Status]&#xA;      [Provisioning Status]: Evaluating jq condition on resource&#xA;      [Provisioning Status]: Comparing Succeeded with Succeeded&#xA;    [all group]: condition 1 of 1 was satisfied: [Provisioning Status]&#xA;    [all group]: all conditions were satisfied&#xA;[all expectation]: expectation 2 of 5 was satisfied [solution.symphony/v1, Kind=Instance: ^instance$]&#xA;[all expectation]: checking expectation 3 of 5: [helm expectation: ^simple-chart-.*$]&#xA;  [helm expectation: ^simple-chart-.*$]: --------------------------------------------------------------------------------&#xA;  [helm expectation: ^simple-chart-.*$]: Verifying helm release&#xA;  [helm expectation: ^simple-chart-.*$]: Found 2 releases&#xA;  [helm expectation: ^simple-chart-.*$]: Action Type: *action.List&#xA;  [helm expectation: ^simple-chart-.*$]: Found 2 matching releases&#xA;  [helm expectation: ^simple-chart-.*$]: Verifying conditions&#xA;    [all group]: checking if all conditions are satisfied&#xA;    [all group]: checking condition 1 of 2: [basic condition]&#xA;    [all group]: condition 1 of 2 was satisfied: [basic condition]&#xA;    [all group]: checking condition 2 of 2: [basic condition]&#xA;    [all group]: condition 2 of 2 was satisfied: [basic condition]&#xA;    [all group]: all conditions were satisfied&#xA;    [all group]: checking if all conditions are satisfied&#xA;    [all group]: checking condition 1 of 1: [.info.status]&#xA;      [.info.status]: Evaluating jq condition on resource&#xA;      [.info.status]: Comparing deployed with deployed&#xA;    [all group]: condition 1 of 1 was satisfied: [.info.status]&#xA;    [all group]: all conditions were satisfied&#xA;    [all group]: checking if all conditions are satisfied&#xA;    [all group]: checking condition 1 of 1: [.info.status]&#xA;      [.info.status]: Evaluating jq condition on resource&#xA;      [.info.status]: Comparing deployed with deployed&#xA;    [all group]: condition 1 of 1 was satisfied: [.info.status]&#xA;    [all group]: all conditions were satisfied&#xA;[all expectation]: expectation 3 of 5 was satisfied [helm expectation: ^simple-chart-.*$]&#xA;[all expectation]: checking expectation 4 of 5: [helm expectation: ^simple-chart-1$]&#xA;  [helm expectation: ^simple-chart-1$]: --------------------------------------------------------------------------------&#xA;  [helm expectation: ^simple-chart-1$]: Verifying helm release&#xA;  [helm expectation: ^simple-chart-1$]: Found 2 releases&#xA;  [helm expectation: ^simple-chart-1$]: Action Type: *action.List&#xA;  [helm expectation: ^simple-chart-1$]: Found 1 matching releases&#xA;  [helm expectation: ^simple-chart-1$]: Verifying conditions&#xA;    [all group]: checking if all conditions are satisfied&#xA;    [all group]: checking condition 1 of 1: [basic condition]&#xA;    [all group]: condition 1 of 1 was satisfied: [basic condition]&#xA;    [all group]: all conditions were satisfied&#xA;[all expectation]: expectation 4 of 5 was satisfied [helm expectation: ^simple-chart-1$]&#xA;[all expectation]: checking expectation 5 of 5: [helm expectation: ^simple-chart-2$]&#xA;  [helm expectation: ^simple-chart-2$]: --------------------------------------------------------------------------------&#xA;  [helm expectation: ^simple-chart-2$]: Verifying helm release&#xA;  [helm expectation: ^simple-chart-2$]: Found 2 releases&#xA;  [helm expectation: ^simple-chart-2$]: Action Type: *action.List&#xA;  [helm expectation: ^simple-chart-2$]: Found 1 matching releases&#xA;  [helm expectation: ^simple-chart-2$]: Verifying conditions&#xA;    [all group]: checking if all conditions are satisfied&#xA;    [all group]: checking condition 1 of 1: [basic condition]&#xA;    [all group]: condition 1 of 1 was satisfied: [basic condition]&#xA;    [all group]: all conditions were satisfied&#xA;[all expectation]: expectation 5 of 5 was satisfied [helm expectation: ^simple-chart-2$]&#xA;[all expectation]: all expectations were satisfied&#xA;&lt; Exit [It] it should deploy another simple helm chart in the solution so there are 2 helm releases - /mnt/d/code/symphony/test/integration/scenarios/06.ado/create_update_test.go:142 @ 01/23/25 21:04:13.689 (30.65s)&#xA;&gt; Enter [JustAfterEach] Create resources with sequential changes - /mnt/d/code/symphony/test/integration/scenarios/06.ado/create_update_test.go:53 @ 01/23/25 21:04:13.689&#xA;&lt; Exit [JustAfterEach] Create resources with sequential changes - /mnt/d/code/symphony/test/integration/scenarios/06.ado/create_update_test.go:53 @ 01/23/25 21:04:13.689 (0s)&#xA;</system-err>
          </testcase>
          <testcase name="[It] Create resources with sequential changes when performing create/update operations it should add a kubernetes config map in the solution" classname="Scenarios Suite" status="passed" time="40.613968605">
              <system-err>&gt; Enter [It] it should add a kubernetes config map in the solution - /mnt/d/code/symphony/test/integration/scenarios/06.ado/create_update_test.go:169 @ 01/23/25 21:04:13.689&#xA;STEP: deploy solution container - /mnt/d/code/symphony/test/integration/scenarios/06.ado/create_update_test.go:63 @ 01/23/25 21:04:13.689&#xA;�[35m&gt;�[0m�[1m kubectl apply -f -�[0m&#xA;solutioncontainer.solution.symphony/solution unchanged&#xA;STEP: setting the components for the target - /mnt/d/code/symphony/test/integration/scenarios/06.ado/create_update_test.go:69 @ 01/23/25 21:04:13.833&#xA;STEP: setting the components for the solution - /mnt/d/code/symphony/test/integration/scenarios/06.ado/create_update_test.go:85 @ 01/23/25 21:04:13.833&#xA;STEP: preparing the instance bytes with a new operation id for the test - /mnt/d/code/symphony/test/integration/scenarios/06.ado/create_update_test.go:91 @ 01/23/25 21:04:13.833&#xA;STEP: deploying the target - /mnt/d/code/symphony/test/integration/scenarios/06.ado/create_update_test.go:97 @ 01/23/25 21:04:13.833&#xA;�[35m&gt;�[0m�[1m kubectl apply -f -�[0m&#xA;target.fabric.symphony/target configured&#xA;STEP: deploying the solution - /mnt/d/code/symphony/test/integration/scenarios/06.ado/create_update_test.go:101 @ 01/23/25 21:04:13.985&#xA;�[35m&gt;�[0m�[1m kubectl apply -f -�[0m&#xA;solution.solution.symphony/solution-v-v1 configured&#xA;STEP: deploying the instance - /mnt/d/code/symphony/test/integration/scenarios/06.ado/create_update_test.go:105 @ 01/23/25 21:04:14.133&#xA;�[35m&gt;�[0m�[1m kubectl apply -f -�[0m&#xA;instance.solution.symphony/instance configured&#xA;[all expectation]: checking if all expectations are satisfied&#xA;[all expectation]: checking expectation 1 of 4: [fabric.symphony/v1, Kind=Target: ^target$]&#xA;  [fabric.symphony/v1, Kind=Target: ^target$]: --------------------------------------------------------------------------------&#xA;  [fabric.symphony/v1, Kind=Target: ^target$]: Verifying resource&#xA;  [fabric.symphony/v1, Kind=Target: ^target$]: Resource matches returned. 1 matches&#xA;    [all group]: checking if all conditions are satisfied&#xA;    [all group]: checking condition 1 of 1: [Provisioning Status]&#xA;      [Provisioning Status]: Evaluating jq condition on resource&#xA;      [Provisioning Status]: Comparing Succeeded with Reconciling&#xA;    [all group]: condition 1 of 1 failed: expected Succeeded, got Reconciling&#xA;  [fabric.symphony/v1, Kind=Target: ^target$]: Resource verification failed: expected Succeeded, got Reconciling&#xA;  [fabric.symphony/v1, Kind=Target: ^target$]: --------------------------------------------------------------------------------&#xA;  [fabric.symphony/v1, Kind=Target: ^target$]: Verifying resource&#xA;  [fabric.symphony/v1, Kind=Target: ^target$]: Resource matches returned. 1 matches&#xA;    [all group]: checking if all conditions are satisfied&#xA;    [all group]: checking condition 1 of 1: [Provisioning Status]&#xA;      [Provisioning Status]: Evaluating jq condition on resource&#xA;      [Provisioning Status]: Comparing Succeeded with Reconciling&#xA;    [all group]: condition 1 of 1 failed: expected Succeeded, got Reconciling&#xA;  [fabric.symphony/v1, Kind=Target: ^target$]: Resource verification failed: expected Succeeded, got Reconciling&#xA;  [fabric.symphony/v1, Kind=Target: ^target$]: --------------------------------------------------------------------------------&#xA;  [fabric.symphony/v1, Kind=Target: ^target$]: Verifying resource&#xA;  [fabric.symphony/v1, Kind=Target: ^target$]: Resource matches returned. 1 matches&#xA;    [all group]: checking if all conditions are satisfied&#xA;    [all group]: checking condition 1 of 1: [Provisioning Status]&#xA;      [Provisioning Status]: Evaluating jq condition on resource&#xA;      [Provisioning Status]: Comparing Succeeded with Succeeded&#xA;    [all group]: condition 1 of 1 was satisfied: [Provisioning Status]&#xA;    [all group]: all conditions were satisfied&#xA;[all expectation]: expectation 1 of 4 was satisfied [fabric.symphony/v1, Kind=Target: ^target$]&#xA;[all expectation]: checking expectation 2 of 4: [solution.symphony/v1, Kind=Instance: ^instance$]&#xA;  [solution.symphony/v1, Kind=Instance: ^instance$]: --------------------------------------------------------------------------------&#xA;  [solution.symphony/v1, Kind=Instance: ^instance$]: Verifying resource&#xA;  [solution.symphony/v1, Kind=Instance: ^instance$]: Resource matches returned. 1 matches&#xA;    [all group]: checking if all conditions are satisfied&#xA;    [all group]: checking condition 1 of 1: [Provisioning Status]&#xA;      [Provisioning Status]: Evaluating jq condition on resource&#xA;      [Provisioning Status]: Comparing Succeeded with Reconciling&#xA;    [all group]: condition 1 of 1 failed: expected Succeeded, got Reconciling&#xA;  [solution.symphony/v1, Kind=Instance: ^instance$]: Resource verification failed: expected Succeeded, got Reconciling&#xA;  [solution.symphony/v1, Kind=Instance: ^instance$]: --------------------------------------------------------------------------------&#xA;  [solution.symphony/v1, Kind=Instance: ^instance$]: Verifying resource&#xA;  [solution.symphony/v1, Kind=Instance: ^instance$]: Resource matches returned. 1 matches&#xA;    [all group]: checking if all conditions are satisfied&#xA;    [all group]: checking condition 1 of 1: [Provisioning Status]&#xA;      [Provisioning Status]: Evaluating jq condition on resource&#xA;      [Provisioning Status]: Comparing Succeeded with Reconciling&#xA;    [all group]: condition 1 of 1 failed: expected Succeeded, got Reconciling&#xA;  [solution.symphony/v1, Kind=Instance: ^instance$]: Resource verification failed: expected Succeeded, got Reconciling&#xA;  [solution.symphony/v1, Kind=Instance: ^instance$]: --------------------------------------------------------------------------------&#xA;  [solution.symphony/v1, Kind=Instance: ^instance$]: Verifying resource&#xA;  [solution.symphony/v1, Kind=Instance: ^instance$]: Resource matches returned. 1 matches&#xA;    [all group]: checking if all conditions are satisfied&#xA;    [all group]: checking condition 1 of 1: [Provisioning Status]&#xA;      [Provisioning Status]: Evaluating jq condition on resource&#xA;      [Provisioning Status]: Comparing Succeeded with Succeeded&#xA;    [all group]: condition 1 of 1 was satisfied: [Provisioning Status]&#xA;    [all group]: all conditions were satisfied&#xA;[all expectation]: expectation 2 of 4 was satisfied [solution.symphony/v1, Kind=Instance: ^instance$]&#xA;[all expectation]: checking expectation 3 of 4: [helm expectation: ^simple-chart-.*$]&#xA;  [helm expectation: ^simple-chart-.*$]: --------------------------------------------------------------------------------&#xA;  [helm expectation: ^simple-chart-.*$]: Verifying helm release&#xA;  [helm expectation: ^simple-chart-.*$]: Found 2 releases&#xA;  [helm expectation: ^simple-chart-.*$]: Action Type: *action.List&#xA;  [helm expectation: ^simple-chart-.*$]: Found 2 matching releases&#xA;  [helm expectation: ^simple-chart-.*$]: Verifying conditions&#xA;    [all group]: checking if all conditions are satisfied&#xA;    [all group]: checking condition 1 of 2: [basic condition]&#xA;    [all group]: condition 1 of 2 was satisfied: [basic condition]&#xA;    [all group]: checking condition 2 of 2: [basic condition]&#xA;    [all group]: condition 2 of 2 was satisfied: [basic condition]&#xA;    [all group]: all conditions were satisfied&#xA;    [all group]: checking if all conditions are satisfied&#xA;    [all group]: checking condition 1 of 1: [.info.status]&#xA;      [.info.status]: Evaluating jq condition on resource&#xA;      [.info.status]: Comparing deployed with deployed&#xA;    [all group]: condition 1 of 1 was satisfied: [.info.status]&#xA;    [all group]: all conditions were satisfied&#xA;    [all group]: checking if all conditions are satisfied&#xA;    [all group]: checking condition 1 of 1: [.info.status]&#xA;      [.info.status]: Evaluating jq condition on resource&#xA;      [.info.status]: Comparing deployed with deployed&#xA;    [all group]: condition 1 of 1 was satisfied: [.info.status]&#xA;    [all group]: all conditions were satisfied&#xA;[all expectation]: expectation 3 of 4 was satisfied [helm expectation: ^simple-chart-.*$]&#xA;[all expectation]: checking expectation 4 of 4: [/v1, Kind=ConfigMap: ^basic-configmap-1$]&#xA;  [/v1, Kind=ConfigMap: ^basic-configmap-1$]: --------------------------------------------------------------------------------&#xA;  [/v1, Kind=ConfigMap: ^basic-configmap-1$]: Verifying resource&#xA;  [/v1, Kind=ConfigMap: ^basic-configmap-1$]: Resource matches returned. 1 matches&#xA;[all expectation]: expectation 4 of 4 was satisfied [/v1, Kind=ConfigMap: ^basic-configmap-1$]&#xA;[all expectation]: all expectations were satisfied&#xA;&lt; Exit [It] it should add a kubernetes config map in the solution - /mnt/d/code/symphony/test/integration/scenarios/06.ado/create_update_test.go:169 @ 01/23/25 21:04:54.301 (40.614s)&#xA;&gt; Enter [JustAfterEach] Create resources with sequential changes - /mnt/d/code/symphony/test/integration/scenarios/06.ado/create_update_test.go:53 @ 01/23/25 21:04:54.301&#xA;&lt; Exit [JustAfterEach] Create resources with sequential changes - /mnt/d/code/symphony/test/integration/scenarios/06.ado/create_update_test.go:53 @ 01/23/25 21:04:54.301 (0s)&#xA;</system-err>
          </testcase>
          <testcase name="[It] Create resources with sequential changes when performing create/update operations it should add a kubernetes clusterrole in the target" classname="Scenarios Suite" status="passed" time="40.570082873">
              <system-err>&gt; Enter [It] it should add a kubernetes clusterrole in the target - /mnt/d/code/symphony/test/integration/scenarios/06.ado/create_update_test.go:195 @ 01/23/25 21:04:54.301&#xA;STEP: deploy solution container - /mnt/d/code/symphony/test/integration/scenarios/06.ado/create_update_test.go:63 @ 01/23/25 21:04:54.301&#xA;�[35m&gt;�[0m�[1m kubectl apply -f -�[0m&#xA;solutioncontainer.solution.symphony/solution unchanged&#xA;STEP: setting the components for the target - /mnt/d/code/symphony/test/integration/scenarios/06.ado/create_update_test.go:69 @ 01/23/25 21:04:54.416&#xA;STEP: setting the components for the solution - /mnt/d/code/symphony/test/integration/scenarios/06.ado/create_update_test.go:85 @ 01/23/25 21:04:54.416&#xA;STEP: preparing the instance bytes with a new operation id for the test - /mnt/d/code/symphony/test/integration/scenarios/06.ado/create_update_test.go:91 @ 01/23/25 21:04:54.416&#xA;STEP: deploying the target - /mnt/d/code/symphony/test/integration/scenarios/06.ado/create_update_test.go:97 @ 01/23/25 21:04:54.416&#xA;�[35m&gt;�[0m�[1m kubectl apply -f -�[0m&#xA;target.fabric.symphony/target configured&#xA;STEP: deploying the solution - /mnt/d/code/symphony/test/integration/scenarios/06.ado/create_update_test.go:101 @ 01/23/25 21:04:54.569&#xA;�[35m&gt;�[0m�[1m kubectl apply -f -�[0m&#xA;solution.solution.symphony/solution-v-v1 configured&#xA;STEP: deploying the instance - /mnt/d/code/symphony/test/integration/scenarios/06.ado/create_update_test.go:105 @ 01/23/25 21:04:54.699&#xA;�[35m&gt;�[0m�[1m kubectl apply -f -�[0m&#xA;instance.solution.symphony/instance configured&#xA;[all expectation]: checking if all expectations are satisfied&#xA;[all expectation]: checking expectation 1 of 5: [fabric.symphony/v1, Kind=Target: ^target$]&#xA;  [fabric.symphony/v1, Kind=Target: ^target$]: --------------------------------------------------------------------------------&#xA;  [fabric.symphony/v1, Kind=Target: ^target$]: Verifying resource&#xA;  [fabric.symphony/v1, Kind=Target: ^target$]: Resource matches returned. 1 matches&#xA;    [all group]: checking if all conditions are satisfied&#xA;    [all group]: checking condition 1 of 1: [Provisioning Status]&#xA;      [Provisioning Status]: Evaluating jq condition on resource&#xA;      [Provisioning Status]: Comparing Succeeded with Reconciling&#xA;    [all group]: condition 1 of 1 failed: expected Succeeded, got Reconciling&#xA;  [fabric.symphony/v1, Kind=Target: ^target$]: Resource verification failed: expected Succeeded, got Reconciling&#xA;  [fabric.symphony/v1, Kind=Target: ^target$]: --------------------------------------------------------------------------------&#xA;  [fabric.symphony/v1, Kind=Target: ^target$]: Verifying resource&#xA;  [fabric.symphony/v1, Kind=Target: ^target$]: Resource matches returned. 1 matches&#xA;    [all group]: checking if all conditions are satisfied&#xA;    [all group]: checking condition 1 of 1: [Provisioning Status]&#xA;      [Provisioning Status]: Evaluating jq condition on resource&#xA;      [Provisioning Status]: Comparing Succeeded with Reconciling&#xA;    [all group]: condition 1 of 1 failed: expected Succeeded, got Reconciling&#xA;  [fabric.symphony/v1, Kind=Target: ^target$]: Resource verification failed: expected Succeeded, got Reconciling&#xA;  [fabric.symphony/v1, Kind=Target: ^target$]: --------------------------------------------------------------------------------&#xA;  [fabric.symphony/v1, Kind=Target: ^target$]: Verifying resource&#xA;  [fabric.symphony/v1, Kind=Target: ^target$]: Resource matches returned. 1 matches&#xA;    [all group]: checking if all conditions are satisfied&#xA;    [all group]: checking condition 1 of 1: [Provisioning Status]&#xA;      [Provisioning Status]: Evaluating jq condition on resource&#xA;      [Provisioning Status]: Comparing Succeeded with Succeeded&#xA;    [all group]: condition 1 of 1 was satisfied: [Provisioning Status]&#xA;    [all group]: all conditions were satisfied&#xA;[all expectation]: expectation 1 of 5 was satisfied [fabric.symphony/v1, Kind=Target: ^target$]&#xA;[all expectation]: checking expectation 2 of 5: [solution.symphony/v1, Kind=Instance: ^instance$]&#xA;  [solution.symphony/v1, Kind=Instance: ^instance$]: --------------------------------------------------------------------------------&#xA;  [solution.symphony/v1, Kind=Instance: ^instance$]: Verifying resource&#xA;  [solution.symphony/v1, Kind=Instance: ^instance$]: Resource matches returned. 1 matches&#xA;    [all group]: checking if all conditions are satisfied&#xA;    [all group]: checking condition 1 of 1: [Provisioning Status]&#xA;      [Provisioning Status]: Evaluating jq condition on resource&#xA;      [Provisioning Status]: Comparing Succeeded with Reconciling&#xA;    [all group]: condition 1 of 1 failed: expected Succeeded, got Reconciling&#xA;  [solution.symphony/v1, Kind=Instance: ^instance$]: Resource verification failed: expected Succeeded, got Reconciling&#xA;  [solution.symphony/v1, Kind=Instance: ^instance$]: --------------------------------------------------------------------------------&#xA;  [solution.symphony/v1, Kind=Instance: ^instance$]: Verifying resource&#xA;  [solution.symphony/v1, Kind=Instance: ^instance$]: Resource matches returned. 1 matches&#xA;    [all group]: checking if all conditions are satisfied&#xA;    [all group]: checking condition 1 of 1: [Provisioning Status]&#xA;      [Provisioning Status]: Evaluating jq condition on resource&#xA;      [Provisioning Status]: Comparing Succeeded with Reconciling&#xA;    [all group]: condition 1 of 1 failed: expected Succeeded, got Reconciling&#xA;  [solution.symphony/v1, Kind=Instance: ^instance$]: Resource verification failed: expected Succeeded, got Reconciling&#xA;  [solution.symphony/v1, Kind=Instance: ^instance$]: --------------------------------------------------------------------------------&#xA;  [solution.symphony/v1, Kind=Instance: ^instance$]: Verifying resource&#xA;  [solution.symphony/v1, Kind=Instance: ^instance$]: Resource matches returned. 1 matches&#xA;    [all group]: checking if all conditions are satisfied&#xA;    [all group]: checking condition 1 of 1: [Provisioning Status]&#xA;      [Provisioning Status]: Evaluating jq condition on resource&#xA;      [Provisioning Status]: Comparing Succeeded with Succeeded&#xA;    [all group]: condition 1 of 1 was satisfied: [Provisioning Status]&#xA;    [all group]: all conditions were satisfied&#xA;[all expectation]: expectation 2 of 5 was satisfied [solution.symphony/v1, Kind=Instance: ^instance$]&#xA;[all expectation]: checking expectation 3 of 5: [helm expectation: ^simple-chart-.*$]&#xA;  [helm expectation: ^simple-chart-.*$]: --------------------------------------------------------------------------------&#xA;  [helm expectation: ^simple-chart-.*$]: Verifying helm release&#xA;  [helm expectation: ^simple-chart-.*$]: Found 2 releases&#xA;  [helm expectation: ^simple-chart-.*$]: Action Type: *action.List&#xA;  [helm expectation: ^simple-chart-.*$]: Found 2 matching releases&#xA;  [helm expectation: ^simple-chart-.*$]: Verifying conditions&#xA;    [all group]: checking if all conditions are satisfied&#xA;    [all group]: checking condition 1 of 2: [basic condition]&#xA;    [all group]: condition 1 of 2 was satisfied: [basic condition]&#xA;    [all group]: checking condition 2 of 2: [basic condition]&#xA;    [all group]: condition 2 of 2 was satisfied: [basic condition]&#xA;    [all group]: all conditions were satisfied&#xA;    [all group]: checking if all conditions are satisfied&#xA;    [all group]: checking condition 1 of 1: [.info.status]&#xA;      [.info.status]: Evaluating jq condition on resource&#xA;      [.info.status]: Comparing deployed with deployed&#xA;    [all group]: condition 1 of 1 was satisfied: [.info.status]&#xA;    [all group]: all conditions were satisfied&#xA;    [all group]: checking if all conditions are satisfied&#xA;    [all group]: checking condition 1 of 1: [.info.status]&#xA;      [.info.status]: Evaluating jq condition on resource&#xA;      [.info.status]: Comparing deployed with deployed&#xA;    [all group]: condition 1 of 1 was satisfied: [.info.status]&#xA;    [all group]: all conditions were satisfied&#xA;[all expectation]: expectation 3 of 5 was satisfied [helm expectation: ^simple-chart-.*$]&#xA;[all expectation]: checking expectation 4 of 5: [rbac.authorization.k8s.io/v1, Kind=ClusterRole: ^basic-clusterrole$]&#xA;  [rbac.authorization.k8s.io/v1, Kind=ClusterRole: ^basic-clusterrole$]: --------------------------------------------------------------------------------&#xA;  [rbac.authorization.k8s.io/v1, Kind=ClusterRole: ^basic-clusterrole$]: Verifying resource&#xA;  [rbac.authorization.k8s.io/v1, Kind=ClusterRole: ^basic-clusterrole$]: Resource matches returned. 1 matches&#xA;[all expectation]: expectation 4 of 5 was satisfied [rbac.authorization.k8s.io/v1, Kind=ClusterRole: ^basic-clusterrole$]&#xA;[all expectation]: checking expectation 5 of 5: [/v1, Kind=ConfigMap: ^basic-configmap-1$]&#xA;  [/v1, Kind=ConfigMap: ^basic-configmap-1$]: --------------------------------------------------------------------------------&#xA;  [/v1, Kind=ConfigMap: ^basic-configmap-1$]: Verifying resource&#xA;  [/v1, Kind=ConfigMap: ^basic-configmap-1$]: Resource matches returned. 1 matches&#xA;[all expectation]: expectation 5 of 5 was satisfied [/v1, Kind=ConfigMap: ^basic-configmap-1$]&#xA;[all expectation]: all expectations were satisfied&#xA;&lt; Exit [It] it should add a kubernetes clusterrole in the target - /mnt/d/code/symphony/test/integration/scenarios/06.ado/create_update_test.go:195 @ 01/23/25 21:05:34.869 (40.57s)&#xA;&gt; Enter [JustAfterEach] Create resources with sequential changes - /mnt/d/code/symphony/test/integration/scenarios/06.ado/create_update_test.go:53 @ 01/23/25 21:05:34.869&#xA;&lt; Exit [JustAfterEach] Create resources with sequential changes - /mnt/d/code/symphony/test/integration/scenarios/06.ado/create_update_test.go:53 @ 01/23/25 21:05:34.869 (0s)&#xA;</system-err>
          </testcase>
          <testcase name="[It] Create resources with sequential changes when performing create/update operations it should should just update the operation id when a no-op change is made" classname="Scenarios Suite" status="passed" time="30.671564399">
              <system-err>&gt; Enter [It] it should should just update the operation id when a no-op change is made - /mnt/d/code/symphony/test/integration/scenarios/06.ado/create_update_test.go:223 @ 01/23/25 21:05:34.869&#xA;STEP: deploy solution container - /mnt/d/code/symphony/test/integration/scenarios/06.ado/create_update_test.go:63 @ 01/23/25 21:05:34.869&#xA;�[35m&gt;�[0m�[1m kubectl apply -f -�[0m&#xA;solutioncontainer.solution.symphony/solution unchanged&#xA;STEP: setting the components for the target - /mnt/d/code/symphony/test/integration/scenarios/06.ado/create_update_test.go:69 @ 01/23/25 21:05:35.05&#xA;STEP: setting the components for the solution - /mnt/d/code/symphony/test/integration/scenarios/06.ado/create_update_test.go:85 @ 01/23/25 21:05:35.05&#xA;STEP: preparing the instance bytes with a new operation id for the test - /mnt/d/code/symphony/test/integration/scenarios/06.ado/create_update_test.go:91 @ 01/23/25 21:05:35.05&#xA;STEP: deploying the target - /mnt/d/code/symphony/test/integration/scenarios/06.ado/create_update_test.go:97 @ 01/23/25 21:05:35.05&#xA;�[35m&gt;�[0m�[1m kubectl apply -f -�[0m&#xA;target.fabric.symphony/target configured&#xA;STEP: deploying the solution - /mnt/d/code/symphony/test/integration/scenarios/06.ado/create_update_test.go:101 @ 01/23/25 21:05:35.175&#xA;�[35m&gt;�[0m�[1m kubectl apply -f -�[0m&#xA;solution.solution.symphony/solution-v-v1 configured&#xA;STEP: deploying the instance - /mnt/d/code/symphony/test/integration/scenarios/06.ado/create_update_test.go:105 @ 01/23/25 21:05:35.32&#xA;�[35m&gt;�[0m�[1m kubectl apply -f -�[0m&#xA;instance.solution.symphony/instance configured&#xA;[all expectation]: checking if all expectations are satisfied&#xA;[all expectation]: checking expectation 1 of 5: [fabric.symphony/v1, Kind=Target: ^target$]&#xA;  [fabric.symphony/v1, Kind=Target: ^target$]: --------------------------------------------------------------------------------&#xA;  [fabric.symphony/v1, Kind=Target: ^target$]: Verifying resource&#xA;  [fabric.symphony/v1, Kind=Target: ^target$]: Resource matches returned. 1 matches&#xA;    [all group]: checking if all conditions are satisfied&#xA;    [all group]: checking condition 1 of 1: [Provisioning Status]&#xA;      [Provisioning Status]: Evaluating jq condition on resource&#xA;      [Provisioning Status]: Comparing Succeeded with Reconciling&#xA;    [all group]: condition 1 of 1 failed: expected Succeeded, got Reconciling&#xA;  [fabric.symphony/v1, Kind=Target: ^target$]: Resource verification failed: expected Succeeded, got Reconciling&#xA;  [fabric.symphony/v1, Kind=Target: ^target$]: --------------------------------------------------------------------------------&#xA;  [fabric.symphony/v1, Kind=Target: ^target$]: Verifying resource&#xA;  [fabric.symphony/v1, Kind=Target: ^target$]: Resource matches returned. 1 matches&#xA;    [all group]: checking if all conditions are satisfied&#xA;    [all group]: checking condition 1 of 1: [Provisioning Status]&#xA;      [Provisioning Status]: Evaluating jq condition on resource&#xA;      [Provisioning Status]: Comparing Succeeded with Succeeded&#xA;    [all group]: condition 1 of 1 was satisfied: [Provisioning Status]&#xA;    [all group]: all conditions were satisfied&#xA;[all expectation]: expectation 1 of 5 was satisfied [fabric.symphony/v1, Kind=Target: ^target$]&#xA;[all expectation]: checking expectation 2 of 5: [solution.symphony/v1, Kind=Instance: ^instance$]&#xA;  [solution.symphony/v1, Kind=Instance: ^instance$]: --------------------------------------------------------------------------------&#xA;  [solution.symphony/v1, Kind=Instance: ^instance$]: Verifying resource&#xA;  [solution.symphony/v1, Kind=Instance: ^instance$]: Resource matches returned. 1 matches&#xA;    [all group]: checking if all conditions are satisfied&#xA;    [all group]: checking condition 1 of 1: [Provisioning Status]&#xA;      [Provisioning Status]: Evaluating jq condition on resource&#xA;      [Provisioning Status]: Comparing Succeeded with Reconciling&#xA;    [all group]: condition 1 of 1 failed: expected Succeeded, got Reconciling&#xA;  [solution.symphony/v1, Kind=Instance: ^instance$]: Resource verification failed: expected Succeeded, got Reconciling&#xA;  [solution.symphony/v1, Kind=Instance: ^instance$]: --------------------------------------------------------------------------------&#xA;  [solution.symphony/v1, Kind=Instance: ^instance$]: Verifying resource&#xA;  [solution.symphony/v1, Kind=Instance: ^instance$]: Resource matches returned. 1 matches&#xA;    [all group]: checking if all conditions are satisfied&#xA;    [all group]: checking condition 1 of 1: [Provisioning Status]&#xA;      [Provisioning Status]: Evaluating jq condition on resource&#xA;      [Provisioning Status]: Comparing Succeeded with Reconciling&#xA;    [all group]: condition 1 of 1 failed: expected Succeeded, got Reconciling&#xA;  [solution.symphony/v1, Kind=Instance: ^instance$]: Resource verification failed: expected Succeeded, got Reconciling&#xA;  [solution.symphony/v1, Kind=Instance: ^instance$]: --------------------------------------------------------------------------------&#xA;  [solution.symphony/v1, Kind=Instance: ^instance$]: Verifying resource&#xA;  [solution.symphony/v1, Kind=Instance: ^instance$]: Resource matches returned. 1 matches&#xA;    [all group]: checking if all conditions are satisfied&#xA;    [all group]: checking condition 1 of 1: [Provisioning Status]&#xA;      [Provisioning Status]: Evaluating jq condition on resource&#xA;      [Provisioning Status]: Comparing Succeeded with Succeeded&#xA;    [all group]: condition 1 of 1 was satisfied: [Provisioning Status]&#xA;    [all group]: all conditions were satisfied&#xA;[all expectation]: expectation 2 of 5 was satisfied [solution.symphony/v1, Kind=Instance: ^instance$]&#xA;[all expectation]: checking expectation 3 of 5: [helm expectation: ^simple-chart-.*$]&#xA;  [helm expectation: ^simple-chart-.*$]: --------------------------------------------------------------------------------&#xA;  [helm expectation: ^simple-chart-.*$]: Verifying helm release&#xA;  [helm expectation: ^simple-chart-.*$]: Found 2 releases&#xA;  [helm expectation: ^simple-chart-.*$]: Action Type: *action.List&#xA;  [helm expectation: ^simple-chart-.*$]: Found 2 matching releases&#xA;  [helm expectation: ^simple-chart-.*$]: Verifying conditions&#xA;    [all group]: checking if all conditions are satisfied&#xA;    [all group]: checking condition 1 of 2: [basic condition]&#xA;    [all group]: condition 1 of 2 was satisfied: [basic condition]&#xA;    [all group]: checking condition 2 of 2: [basic condition]&#xA;    [all group]: condition 2 of 2 was satisfied: [basic condition]&#xA;    [all group]: all conditions were satisfied&#xA;    [all group]: checking if all conditions are satisfied&#xA;    [all group]: checking condition 1 of 1: [.info.status]&#xA;      [.info.status]: Evaluating jq condition on resource&#xA;      [.info.status]: Comparing deployed with deployed&#xA;    [all group]: condition 1 of 1 was satisfied: [.info.status]&#xA;    [all group]: all conditions were satisfied&#xA;    [all group]: checking if all conditions are satisfied&#xA;    [all group]: checking condition 1 of 1: [.info.status]&#xA;      [.info.status]: Evaluating jq condition on resource&#xA;      [.info.status]: Comparing deployed with deployed&#xA;    [all group]: condition 1 of 1 was satisfied: [.info.status]&#xA;    [all group]: all conditions were satisfied&#xA;[all expectation]: expectation 3 of 5 was satisfied [helm expectation: ^simple-chart-.*$]&#xA;[all expectation]: checking expectation 4 of 5: [rbac.authorization.k8s.io/v1, Kind=ClusterRole: ^basic-clusterrole$]&#xA;  [rbac.authorization.k8s.io/v1, Kind=ClusterRole: ^basic-clusterrole$]: --------------------------------------------------------------------------------&#xA;  [rbac.authorization.k8s.io/v1, Kind=ClusterRole: ^basic-clusterrole$]: Verifying resource&#xA;  [rbac.authorization.k8s.io/v1, Kind=ClusterRole: ^basic-clusterrole$]: Resource matches returned. 1 matches&#xA;[all expectation]: expectation 4 of 5 was satisfied [rbac.authorization.k8s.io/v1, Kind=ClusterRole: ^basic-clusterrole$]&#xA;[all expectation]: checking expectation 5 of 5: [/v1, Kind=ConfigMap: ^basic-configmap-1$]&#xA;  [/v1, Kind=ConfigMap: ^basic-configmap-1$]: --------------------------------------------------------------------------------&#xA;  [/v1, Kind=ConfigMap: ^basic-configmap-1$]: Verifying resource&#xA;  [/v1, Kind=ConfigMap: ^basic-configmap-1$]: Resource matches returned. 1 matches&#xA;[all expectation]: expectation 5 of 5 was satisfied [/v1, Kind=ConfigMap: ^basic-configmap-1$]&#xA;[all expectation]: all expectations were satisfied&#xA;&lt; Exit [It] it should should just update the operation id when a no-op change is made - /mnt/d/code/symphony/test/integration/scenarios/06.ado/create_update_test.go:223 @ 01/23/25 21:06:05.539 (30.672s)&#xA;&gt; Enter [JustAfterEach] Create resources with sequential changes - /mnt/d/code/symphony/test/integration/scenarios/06.ado/create_update_test.go:53 @ 01/23/25 21:06:05.539&#xA;&lt; Exit [JustAfterEach] Create resources with sequential changes - /mnt/d/code/symphony/test/integration/scenarios/06.ado/create_update_test.go:53 @ 01/23/25 21:06:05.539 (0s)&#xA;</system-err>
          </testcase>
          <testcase name="[It] Create resources with sequential changes when performing create/update operations It should update remove the clusterrole from the target" classname="Scenarios Suite" status="passed" time="30.614539769">
              <system-err>&gt; Enter [It] It should update remove the clusterrole from the target - /mnt/d/code/symphony/test/integration/scenarios/06.ado/create_update_test.go:251 @ 01/23/25 21:06:05.539&#xA;STEP: deploy solution container - /mnt/d/code/symphony/test/integration/scenarios/06.ado/create_update_test.go:63 @ 01/23/25 21:06:05.539&#xA;�[35m&gt;�[0m�[1m kubectl apply -f -�[0m&#xA;solutioncontainer.solution.symphony/solution unchanged&#xA;STEP: setting the components for the target - /mnt/d/code/symphony/test/integration/scenarios/06.ado/create_update_test.go:69 @ 01/23/25 21:06:05.653&#xA;STEP: setting the components for the solution - /mnt/d/code/symphony/test/integration/scenarios/06.ado/create_update_test.go:85 @ 01/23/25 21:06:05.653&#xA;STEP: preparing the instance bytes with a new operation id for the test - /mnt/d/code/symphony/test/integration/scenarios/06.ado/create_update_test.go:91 @ 01/23/25 21:06:05.654&#xA;STEP: deploying the target - /mnt/d/code/symphony/test/integration/scenarios/06.ado/create_update_test.go:97 @ 01/23/25 21:06:05.654&#xA;�[35m&gt;�[0m�[1m kubectl apply -f -�[0m&#xA;target.fabric.symphony/target configured&#xA;STEP: deploying the solution - /mnt/d/code/symphony/test/integration/scenarios/06.ado/create_update_test.go:101 @ 01/23/25 21:06:05.788&#xA;�[35m&gt;�[0m�[1m kubectl apply -f -�[0m&#xA;solution.solution.symphony/solution-v-v1 configured&#xA;STEP: deploying the instance - /mnt/d/code/symphony/test/integration/scenarios/06.ado/create_update_test.go:105 @ 01/23/25 21:06:05.949&#xA;�[35m&gt;�[0m�[1m kubectl apply -f -�[0m&#xA;instance.solution.symphony/instance configured&#xA;[all expectation]: checking if all expectations are satisfied&#xA;[all expectation]: checking expectation 1 of 5: [fabric.symphony/v1, Kind=Target: ^target$]&#xA;  [fabric.symphony/v1, Kind=Target: ^target$]: --------------------------------------------------------------------------------&#xA;  [fabric.symphony/v1, Kind=Target: ^target$]: Verifying resource&#xA;  [fabric.symphony/v1, Kind=Target: ^target$]: Resource matches returned. 1 matches&#xA;    [all group]: checking if all conditions are satisfied&#xA;    [all group]: checking condition 1 of 1: [Provisioning Status]&#xA;      [Provisioning Status]: Evaluating jq condition on resource&#xA;      [Provisioning Status]: Comparing Succeeded with Reconciling&#xA;    [all group]: condition 1 of 1 failed: expected Succeeded, got Reconciling&#xA;  [fabric.symphony/v1, Kind=Target: ^target$]: Resource verification failed: expected Succeeded, got Reconciling&#xA;  [fabric.symphony/v1, Kind=Target: ^target$]: --------------------------------------------------------------------------------&#xA;  [fabric.symphony/v1, Kind=Target: ^target$]: Verifying resource&#xA;  [fabric.symphony/v1, Kind=Target: ^target$]: Resource matches returned. 1 matches&#xA;    [all group]: checking if all conditions are satisfied&#xA;    [all group]: checking condition 1 of 1: [Provisioning Status]&#xA;      [Provisioning Status]: Evaluating jq condition on resource&#xA;      [Provisioning Status]: Comparing Succeeded with Succeeded&#xA;    [all group]: condition 1 of 1 was satisfied: [Provisioning Status]&#xA;    [all group]: all conditions were satisfied&#xA;[all expectation]: expectation 1 of 5 was satisfied [fabric.symphony/v1, Kind=Target: ^target$]&#xA;[all expectation]: checking expectation 2 of 5: [solution.symphony/v1, Kind=Instance: ^instance$]&#xA;  [solution.symphony/v1, Kind=Instance: ^instance$]: --------------------------------------------------------------------------------&#xA;  [solution.symphony/v1, Kind=Instance: ^instance$]: Verifying resource&#xA;  [solution.symphony/v1, Kind=Instance: ^instance$]: Resource matches returned. 1 matches&#xA;    [all group]: checking if all conditions are satisfied&#xA;    [all group]: checking condition 1 of 1: [Provisioning Status]&#xA;      [Provisioning Status]: Evaluating jq condition on resource&#xA;      [Provisioning Status]: Comparing Succeeded with Reconciling&#xA;    [all group]: condition 1 of 1 failed: expected Succeeded, got Reconciling&#xA;  [solution.symphony/v1, Kind=Instance: ^instance$]: Resource verification failed: expected Succeeded, got Reconciling&#xA;  [solution.symphony/v1, Kind=Instance: ^instance$]: --------------------------------------------------------------------------------&#xA;  [solution.symphony/v1, Kind=Instance: ^instance$]: Verifying resource&#xA;  [solution.symphony/v1, Kind=Instance: ^instance$]: Resource matches returned. 1 matches&#xA;    [all group]: checking if all conditions are satisfied&#xA;    [all group]: checking condition 1 of 1: [Provisioning Status]&#xA;      [Provisioning Status]: Evaluating jq condition on resource&#xA;      [Provisioning Status]: Comparing Succeeded with Reconciling&#xA;    [all group]: condition 1 of 1 failed: expected Succeeded, got Reconciling&#xA;  [solution.symphony/v1, Kind=Instance: ^instance$]: Resource verification failed: expected Succeeded, got Reconciling&#xA;  [solution.symphony/v1, Kind=Instance: ^instance$]: --------------------------------------------------------------------------------&#xA;  [solution.symphony/v1, Kind=Instance: ^instance$]: Verifying resource&#xA;  [solution.symphony/v1, Kind=Instance: ^instance$]: Resource matches returned. 1 matches&#xA;    [all group]: checking if all conditions are satisfied&#xA;    [all group]: checking condition 1 of 1: [Provisioning Status]&#xA;      [Provisioning Status]: Evaluating jq condition on resource&#xA;      [Provisioning Status]: Comparing Succeeded with Succeeded&#xA;    [all group]: condition 1 of 1 was satisfied: [Provisioning Status]&#xA;    [all group]: all conditions were satisfied&#xA;[all expectation]: expectation 2 of 5 was satisfied [solution.symphony/v1, Kind=Instance: ^instance$]&#xA;[all expectation]: checking expectation 3 of 5: [helm expectation: ^simple-chart-.*$]&#xA;  [helm expectation: ^simple-chart-.*$]: --------------------------------------------------------------------------------&#xA;  [helm expectation: ^simple-chart-.*$]: Verifying helm release&#xA;  [helm expectation: ^simple-chart-.*$]: Found 2 releases&#xA;  [helm expectation: ^simple-chart-.*$]: Action Type: *action.List&#xA;  [helm expectation: ^simple-chart-.*$]: Found 2 matching releases&#xA;  [helm expectation: ^simple-chart-.*$]: Verifying conditions&#xA;    [all group]: checking if all conditions are satisfied&#xA;    [all group]: checking condition 1 of 2: [basic condition]&#xA;    [all group]: condition 1 of 2 was satisfied: [basic condition]&#xA;    [all group]: checking condition 2 of 2: [basic condition]&#xA;    [all group]: condition 2 of 2 was satisfied: [basic condition]&#xA;    [all group]: all conditions were satisfied&#xA;    [all group]: checking if all conditions are satisfied&#xA;    [all group]: checking condition 1 of 1: [.info.status]&#xA;      [.info.status]: Evaluating jq condition on resource&#xA;      [.info.status]: Comparing deployed with deployed&#xA;    [all group]: condition 1 of 1 was satisfied: [.info.status]&#xA;    [all group]: all conditions were satisfied&#xA;    [all group]: checking if all conditions are satisfied&#xA;    [all group]: checking condition 1 of 1: [.info.status]&#xA;      [.info.status]: Evaluating jq condition on resource&#xA;      [.info.status]: Comparing deployed with deployed&#xA;    [all group]: condition 1 of 1 was satisfied: [.info.status]&#xA;    [all group]: all conditions were satisfied&#xA;[all expectation]: expectation 3 of 5 was satisfied [helm expectation: ^simple-chart-.*$]&#xA;[all expectation]: checking expectation 4 of 5: [/v1, Kind=ConfigMap: ^basic-configmap-1$]&#xA;  [/v1, Kind=ConfigMap: ^basic-configmap-1$]: --------------------------------------------------------------------------------&#xA;  [/v1, Kind=ConfigMap: ^basic-configmap-1$]: Verifying resource&#xA;  [/v1, Kind=ConfigMap: ^basic-configmap-1$]: Resource matches returned. 1 matches&#xA;[all expectation]: expectation 4 of 5 was satisfied [/v1, Kind=ConfigMap: ^basic-configmap-1$]&#xA;[all expectation]: checking expectation 5 of 5: [rbac.authorization.k8s.io/v1, Kind=ClusterRole: ^basic-clusterrole$]&#xA;  [rbac.authorization.k8s.io/v1, Kind=ClusterRole: ^basic-clusterrole$]: --------------------------------------------------------------------------------&#xA;  [rbac.authorization.k8s.io/v1, Kind=ClusterRole: ^basic-clusterrole$]: Verifying resource&#xA;  [rbac.authorization.k8s.io/v1, Kind=ClusterRole: ^basic-clusterrole$]: Resource matches returned. 0 matches&#xA;[all expectation]: expectation 5 of 5 was satisfied [rbac.authorization.k8s.io/v1, Kind=ClusterRole: ^basic-clusterrole$]&#xA;[all expectation]: all expectations were satisfied&#xA;&lt; Exit [It] It should update remove the clusterrole from the target - /mnt/d/code/symphony/test/integration/scenarios/06.ado/create_update_test.go:251 @ 01/23/25 21:06:36.152 (30.615s)&#xA;&gt; Enter [JustAfterEach] Create resources with sequential changes - /mnt/d/code/symphony/test/integration/scenarios/06.ado/create_update_test.go:53 @ 01/23/25 21:06:36.152&#xA;&lt; Exit [JustAfterEach] Create resources with sequential changes - /mnt/d/code/symphony/test/integration/scenarios/06.ado/create_update_test.go:53 @ 01/23/25 21:06:36.152 (0s)&#xA;</system-err>
          </testcase>
          <testcase name="[It] Create resources with sequential changes when performing create/update operations It should update remove the simple-helmchart-2 from the solution" classname="Scenarios Suite" status="passed" time="20.541402295">
              <system-err>&gt; Enter [It] It should update remove the simple-helmchart-2 from the solution - /mnt/d/code/symphony/test/integration/scenarios/06.ado/create_update_test.go:279 @ 01/23/25 21:06:36.152&#xA;STEP: deploy solution container - /mnt/d/code/symphony/test/integration/scenarios/06.ado/create_update_test.go:63 @ 01/23/25 21:06:36.152&#xA;�[35m&gt;�[0m�[1m kubectl apply -f -�[0m&#xA;solutioncontainer.solution.symphony/solution unchanged&#xA;STEP: setting the components for the target - /mnt/d/code/symphony/test/integration/scenarios/06.ado/create_update_test.go:69 @ 01/23/25 21:06:36.259&#xA;STEP: setting the components for the solution - /mnt/d/code/symphony/test/integration/scenarios/06.ado/create_update_test.go:85 @ 01/23/25 21:06:36.259&#xA;STEP: preparing the instance bytes with a new operation id for the test - /mnt/d/code/symphony/test/integration/scenarios/06.ado/create_update_test.go:91 @ 01/23/25 21:06:36.259&#xA;STEP: deploying the target - /mnt/d/code/symphony/test/integration/scenarios/06.ado/create_update_test.go:97 @ 01/23/25 21:06:36.259&#xA;�[35m&gt;�[0m�[1m kubectl apply -f -�[0m&#xA;target.fabric.symphony/target configured&#xA;STEP: deploying the solution - /mnt/d/code/symphony/test/integration/scenarios/06.ado/create_update_test.go:101 @ 01/23/25 21:06:36.378&#xA;�[35m&gt;�[0m�[1m kubectl apply -f -�[0m&#xA;solution.solution.symphony/solution-v-v1 configured&#xA;STEP: deploying the instance - /mnt/d/code/symphony/test/integration/scenarios/06.ado/create_update_test.go:105 @ 01/23/25 21:06:36.519&#xA;�[35m&gt;�[0m�[1m kubectl apply -f -�[0m&#xA;instance.solution.symphony/instance configured&#xA;[all expectation]: checking if all expectations are satisfied&#xA;[all expectation]: checking expectation 1 of 6: [fabric.symphony/v1, Kind=Target: ^target$]&#xA;  [fabric.symphony/v1, Kind=Target: ^target$]: --------------------------------------------------------------------------------&#xA;  [fabric.symphony/v1, Kind=Target: ^target$]: Verifying resource&#xA;  [fabric.symphony/v1, Kind=Target: ^target$]: Resource matches returned. 1 matches&#xA;    [all group]: checking if all conditions are satisfied&#xA;    [all group]: checking condition 1 of 1: [Provisioning Status]&#xA;      [Provisioning Status]: Evaluating jq condition on resource&#xA;      [Provisioning Status]: Comparing Succeeded with Reconciling&#xA;    [all group]: condition 1 of 1 failed: expected Succeeded, got Reconciling&#xA;  [fabric.symphony/v1, Kind=Target: ^target$]: Resource verification failed: expected Succeeded, got Reconciling&#xA;  [fabric.symphony/v1, Kind=Target: ^target$]: --------------------------------------------------------------------------------&#xA;  [fabric.symphony/v1, Kind=Target: ^target$]: Verifying resource&#xA;  [fabric.symphony/v1, Kind=Target: ^target$]: Resource matches returned. 1 matches&#xA;    [all group]: checking if all conditions are satisfied&#xA;    [all group]: checking condition 1 of 1: [Provisioning Status]&#xA;      [Provisioning Status]: Evaluating jq condition on resource&#xA;      [Provisioning Status]: Comparing Succeeded with Reconciling&#xA;    [all group]: condition 1 of 1 failed: expected Succeeded, got Reconciling&#xA;  [fabric.symphony/v1, Kind=Target: ^target$]: Resource verification failed: expected Succeeded, got Reconciling&#xA;  [fabric.symphony/v1, Kind=Target: ^target$]: --------------------------------------------------------------------------------&#xA;  [fabric.symphony/v1, Kind=Target: ^target$]: Verifying resource&#xA;  [fabric.symphony/v1, Kind=Target: ^target$]: Resource matches returned. 1 matches&#xA;    [all group]: checking if all conditions are satisfied&#xA;    [all group]: checking condition 1 of 1: [Provisioning Status]&#xA;      [Provisioning Status]: Evaluating jq condition on resource&#xA;      [Provisioning Status]: Comparing Succeeded with Succeeded&#xA;    [all group]: condition 1 of 1 was satisfied: [Provisioning Status]&#xA;    [all group]: all conditions were satisfied&#xA;[all expectation]: expectation 1 of 6 was satisfied [fabric.symphony/v1, Kind=Target: ^target$]&#xA;[all expectation]: checking expectation 2 of 6: [solution.symphony/v1, Kind=Instance: ^instance$]&#xA;  [solution.symphony/v1, Kind=Instance: ^instance$]: --------------------------------------------------------------------------------&#xA;  [solution.symphony/v1, Kind=Instance: ^instance$]: Verifying resource&#xA;  [solution.symphony/v1, Kind=Instance: ^instance$]: Resource matches returned. 1 matches&#xA;    [all group]: checking if all conditions are satisfied&#xA;    [all group]: checking condition 1 of 1: [Provisioning Status]&#xA;      [Provisioning Status]: Evaluating jq condition on resource&#xA;      [Provisioning Status]: Comparing Succeeded with Succeeded&#xA;    [all group]: condition 1 of 1 was satisfied: [Provisioning Status]&#xA;    [all group]: all conditions were satisfied&#xA;[all expectation]: expectation 2 of 6 was satisfied [solution.symphony/v1, Kind=Instance: ^instance$]&#xA;[all expectation]: checking expectation 3 of 6: [helm expectation: ^simple-chart-.*$]&#xA;  [helm expectation: ^simple-chart-.*$]: --------------------------------------------------------------------------------&#xA;  [helm expectation: ^simple-chart-.*$]: Verifying helm release&#xA;  [helm expectation: ^simple-chart-.*$]: Found 1 releases&#xA;  [helm expectation: ^simple-chart-.*$]: Action Type: *action.List&#xA;  [helm expectation: ^simple-chart-.*$]: Found 1 matching releases&#xA;  [helm expectation: ^simple-chart-.*$]: Verifying conditions&#xA;    [all group]: checking if all conditions are satisfied&#xA;    [all group]: checking condition 1 of 2: [basic condition]&#xA;    [all group]: condition 1 of 2 was satisfied: [basic condition]&#xA;    [all group]: checking condition 2 of 2: [basic condition]&#xA;    [all group]: condition 2 of 2 was satisfied: [basic condition]&#xA;    [all group]: all conditions were satisfied&#xA;    [all group]: checking if all conditions are satisfied&#xA;    [all group]: checking condition 1 of 1: [.info.status]&#xA;      [.info.status]: Evaluating jq condition on resource&#xA;      [.info.status]: Comparing deployed with deployed&#xA;    [all group]: condition 1 of 1 was satisfied: [.info.status]&#xA;    [all group]: all conditions were satisfied&#xA;[all expectation]: expectation 3 of 6 was satisfied [helm expectation: ^simple-chart-.*$]&#xA;[all expectation]: checking expectation 4 of 6: [/v1, Kind=ConfigMap: ^basic-configmap-1$]&#xA;  [/v1, Kind=ConfigMap: ^basic-configmap-1$]: --------------------------------------------------------------------------------&#xA;  [/v1, Kind=ConfigMap: ^basic-configmap-1$]: Verifying resource&#xA;  [/v1, Kind=ConfigMap: ^basic-configmap-1$]: Resource matches returned. 1 matches&#xA;[all expectation]: expectation 4 of 6 was satisfied [/v1, Kind=ConfigMap: ^basic-configmap-1$]&#xA;[all expectation]: checking expectation 5 of 6: [helm expectation: ^simple-chart-1$]&#xA;  [helm expectation: ^simple-chart-1$]: --------------------------------------------------------------------------------&#xA;  [helm expectation: ^simple-chart-1$]: Verifying helm release&#xA;  [helm expectation: ^simple-chart-1$]: Found 1 releases&#xA;  [helm expectation: ^simple-chart-1$]: Action Type: *action.List&#xA;  [helm expectation: ^simple-chart-1$]: Found 1 matching releases&#xA;  [helm expectation: ^simple-chart-1$]: Verifying conditions&#xA;    [all group]: checking if all conditions are satisfied&#xA;    [all group]: checking condition 1 of 1: [basic condition]&#xA;    [all group]: condition 1 of 1 was satisfied: [basic condition]&#xA;    [all group]: all conditions were satisfied&#xA;[all expectation]: expectation 5 of 6 was satisfied [helm expectation: ^simple-chart-1$]&#xA;[all expectation]: checking expectation 6 of 6: [helm expectation: ^simple-chart-2$]&#xA;  [helm expectation: ^simple-chart-2$]: --------------------------------------------------------------------------------&#xA;  [helm expectation: ^simple-chart-2$]: Verifying helm release&#xA;  [helm expectation: ^simple-chart-2$]: Found 1 releases&#xA;  [helm expectation: ^simple-chart-2$]: Action Type: *action.List&#xA;  [helm expectation: ^simple-chart-2$]: Found 0 matching releases&#xA;  [helm expectation: ^simple-chart-2$]: Verifying conditions&#xA;    [all group]: checking if all conditions are satisfied&#xA;    [all group]: checking condition 1 of 1: [basic condition]&#xA;    [all group]: condition 1 of 1 was satisfied: [basic condition]&#xA;    [all group]: all conditions were satisfied&#xA;[all expectation]: expectation 6 of 6 was satisfied [helm expectation: ^simple-chart-2$]&#xA;[all expectation]: all expectations were satisfied&#xA;&lt; Exit [It] It should update remove the simple-helmchart-2 from the solution - /mnt/d/code/symphony/test/integration/scenarios/06.ado/create_update_test.go:279 @ 01/23/25 21:06:56.694 (20.541s)&#xA;&gt; Enter [JustAfterEach] Create resources with sequential changes - /mnt/d/code/symphony/test/integration/scenarios/06.ado/create_update_test.go:53 @ 01/23/25 21:06:56.694&#xA;&lt; Exit [JustAfterEach] Create resources with sequential changes - /mnt/d/code/symphony/test/integration/scenarios/06.ado/create_update_test.go:53 @ 01/23/25 21:06:56.694 (0s)&#xA;</system-err>
          </testcase>
          <testcase name="[It] Create resources with sequential changes when performing create/update operations It should update the simple-config-map-1 with new data" classname="Scenarios Suite" status="passed" time="20.569404782">
              <system-err>&gt; Enter [It] It should update the simple-config-map-1 with new data - /mnt/d/code/symphony/test/integration/scenarios/06.ado/create_update_test.go:308 @ 01/23/25 21:06:56.694&#xA;STEP: deploy solution container - /mnt/d/code/symphony/test/integration/scenarios/06.ado/create_update_test.go:63 @ 01/23/25 21:06:56.694&#xA;�[35m&gt;�[0m�[1m kubectl apply -f -�[0m&#xA;solutioncontainer.solution.symphony/solution unchanged&#xA;STEP: setting the components for the target - /mnt/d/code/symphony/test/integration/scenarios/06.ado/create_update_test.go:69 @ 01/23/25 21:06:56.807&#xA;STEP: setting the components for the solution - /mnt/d/code/symphony/test/integration/scenarios/06.ado/create_update_test.go:85 @ 01/23/25 21:06:56.807&#xA;STEP: preparing the instance bytes with a new operation id for the test - /mnt/d/code/symphony/test/integration/scenarios/06.ado/create_update_test.go:91 @ 01/23/25 21:06:56.807&#xA;STEP: deploying the target - /mnt/d/code/symphony/test/integration/scenarios/06.ado/create_update_test.go:97 @ 01/23/25 21:06:56.807&#xA;�[35m&gt;�[0m�[1m kubectl apply -f -�[0m&#xA;target.fabric.symphony/target configured&#xA;STEP: deploying the solution - /mnt/d/code/symphony/test/integration/scenarios/06.ado/create_update_test.go:101 @ 01/23/25 21:06:56.926&#xA;�[35m&gt;�[0m�[1m kubectl apply -f -�[0m&#xA;solution.solution.symphony/solution-v-v1 configured&#xA;STEP: deploying the instance - /mnt/d/code/symphony/test/integration/scenarios/06.ado/create_update_test.go:105 @ 01/23/25 21:06:57.083&#xA;�[35m&gt;�[0m�[1m kubectl apply -f -�[0m&#xA;instance.solution.symphony/instance configured&#xA;[all expectation]: checking if all expectations are satisfied&#xA;[all expectation]: checking expectation 1 of 6: [fabric.symphony/v1, Kind=Target: ^target$]&#xA;  [fabric.symphony/v1, Kind=Target: ^target$]: --------------------------------------------------------------------------------&#xA;  [fabric.symphony/v1, Kind=Target: ^target$]: Verifying resource&#xA;  [fabric.symphony/v1, Kind=Target: ^target$]: Resource matches returned. 1 matches&#xA;    [all group]: checking if all conditions are satisfied&#xA;    [all group]: checking condition 1 of 1: [Provisioning Status]&#xA;      [Provisioning Status]: Evaluating jq condition on resource&#xA;      [Provisioning Status]: Comparing Succeeded with Reconciling&#xA;    [all group]: condition 1 of 1 failed: expected Succeeded, got Reconciling&#xA;  [fabric.symphony/v1, Kind=Target: ^target$]: Resource verification failed: expected Succeeded, got Reconciling&#xA;  [fabric.symphony/v1, Kind=Target: ^target$]: --------------------------------------------------------------------------------&#xA;  [fabric.symphony/v1, Kind=Target: ^target$]: Verifying resource&#xA;  [fabric.symphony/v1, Kind=Target: ^target$]: Resource matches returned. 1 matches&#xA;    [all group]: checking if all conditions are satisfied&#xA;    [all group]: checking condition 1 of 1: [Provisioning Status]&#xA;      [Provisioning Status]: Evaluating jq condition on re
[...]
go:72 @ 01/23/25 21:20:14.803&#xA;STEP: preparing the instance bytes with a new operation id for the test - /mnt/d/code/symphony/test/integration/scenarios/06.ado/delete_test.go:78 @ 01/23/25 21:20:14.803&#xA;STEP: deploying the target - /mnt/d/code/symphony/test/integration/scenarios/06.ado/delete_test.go:82 @ 01/23/25 21:20:14.803&#xA;�[35m&gt;�[0m�[1m kubectl apply -f -�[0m&#xA;target.fabric.symphony/target created&#xA;STEP: deploying the solution - /mnt/d/code/symphony/test/integration/scenarios/06.ado/delete_test.go:86 @ 01/23/25 21:20:14.915&#xA;�[35m&gt;�[0m�[1m kubectl apply -f -�[0m&#xA;solution.solution.symphony/solution-v-v1 created&#xA;STEP: deploying the instance - /mnt/d/code/symphony/test/integration/scenarios/06.ado/delete_test.go:90 @ 01/23/25 21:20:15.01&#xA;�[35m&gt;�[0m�[1m kubectl apply -f -�[0m&#xA;instance.solution.symphony/instance created&#xA;STEP: verifying the resources before deletion - /mnt/d/code/symphony/test/integration/scenarios/06.ado/delete_test.go:94 @ 01/23/25 21:20:15.1&#xA;[all expectation]: checking if all expectations are satisfied&#xA;[all expectation]: checking expectation 1 of 3: [solution.symphony/v1, Kind=Instance: ^instance$]&#xA;  [solution.symphony/v1, Kind=Instance: ^instance$]: --------------------------------------------------------------------------------&#xA;  [solution.symphony/v1, Kind=Instance: ^instance$]: Verifying resource&#xA;  [solution.symphony/v1, Kind=Instance: ^instance$]: Resource matches returned. 1 matches&#xA;    [all group]: checking if all conditions are satisfied&#xA;    [all group]: checking condition 1 of 1: [Provisioning Status]&#xA;      [Provisioning Status]: Evaluating jq condition on resource&#xA;      [Provisioning Status]: Comparing Succeeded with &lt;nil&gt;&#xA;    [all group]: condition 1 of 1 failed: expected Succeeded, got nil&#xA;  [solution.symphony/v1, Kind=Instance: ^instance$]: Resource verification failed: expected Succeeded, got nil&#xA;  [solution.symphony/v1, Kind=Instance: ^instance$]: --------------------------------------------------------------------------------&#xA;  [solution.symphony/v1, Kind=Instance: ^instance$]: Verifying resource&#xA;  [solution.symphony/v1, Kind=Instance: ^instance$]: Resource matches returned. 1 matches&#xA;    [all group]: checking if all conditions are satisfied&#xA;    [all group]: checking condition 1 of 1: [Provisioning Status]&#xA;      [Provisioning Status]: Evaluating jq condition on resource&#xA;      [Provisioning Status]: Comparing Succeeded with Reconciling&#xA;    [all group]: condition 1 of 1 failed: expected Succeeded, got Reconciling&#xA;  [solution.symphony/v1, Kind=Instance: ^instance$]: Resource verification failed: expected Succeeded, got Reconciling&#xA;  [solution.symphony/v1, Kind=Instance: ^instance$]: --------------------------------------------------------------------------------&#xA;  [solution.symphony/v1, Kind=Instance: ^instance$]: Verifying resource&#xA;  [solution.symphony/v1, Kind=Instance: ^instance$]: Resource matches returned. 1 matches&#xA;    [all group]: checking if all conditions are satisfied&#xA;    [all group]: checking condition 1 of 1: [Provisioning Status]&#xA;      [Provisioning Status]: Evaluating jq condition on resource&#xA;      [Provisioning Status]: Comparing Succeeded with Reconciling&#xA;    [all group]: condition 1 of 1 failed: expected Succeeded, got Reconciling&#xA;  [solution.symphony/v1, Kind=Instance: ^instance$]: Resource verification failed: expected Succeeded, got Reconciling&#xA;  [solution.symphony/v1, Kind=Instance: ^instance$]: --------------------------------------------------------------------------------&#xA;  [solution.symphony/v1, Kind=Instance: ^instance$]: Verifying resource&#xA;  [solution.symphony/v1, Kind=Instance: ^instance$]: Resource matches returned. 1 matches&#xA;    [all group]: checking if all conditions are satisfied&#xA;    [all group]: checking condition 1 of 1: [Provisioning Status]&#xA;      [Provisioning Status]: Evaluating jq condition on resource&#xA;      [Provisioning Status]: Comparing Succeeded with Succeeded&#xA;    [all group]: condition 1 of 1 was satisfied: [Provisioning Status]&#xA;    [all group]: all conditions were satisfied&#xA;[all expectation]: expectation 1 of 3 was satisfied [solution.symphony/v1, Kind=Instance: ^instance$]&#xA;[all expectation]: checking expectation 2 of 3: [fabric.symphony/v1, Kind=Target: ^target$]&#xA;  [fabric.symphony/v1, Kind=Target: ^target$]: --------------------------------------------------------------------------------&#xA;  [fabric.symphony/v1, Kind=Target: ^target$]: Verifying resource&#xA;  [fabric.symphony/v1, Kind=Target: ^target$]: Resource matches returned. 1 matches&#xA;    [all group]: checking if all conditions are satisfied&#xA;    [all group]: checking condition 1 of 1: [Provisioning Status]&#xA;      [Provisioning Status]: Evaluating jq condition on resource&#xA;      [Provisioning Status]: Comparing Succeeded with Succeeded&#xA;    [all group]: condition 1 of 1 was satisfied: [Provisioning Status]&#xA;    [all group]: all conditions were satisfied&#xA;[all expectation]: expectation 2 of 3 was satisfied [fabric.symphony/v1, Kind=Target: ^target$]&#xA;[all expectation]: checking expectation 3 of 3: [helm expectation: ^simple-chart-1$]&#xA;  [helm expectation: ^simple-chart-1$]: --------------------------------------------------------------------------------&#xA;  [helm expectation: ^simple-chart-1$]: Verifying helm release&#xA;  [helm expectation: ^simple-chart-1$]: Found 2 releases&#xA;  [helm expectation: ^simple-chart-1$]: Action Type: *action.List&#xA;  [helm expectation: ^simple-chart-1$]: Found 1 matching releases&#xA;  [helm expectation: ^simple-chart-1$]: Verifying conditions&#xA;    [all group]: checking if all conditions are satisfied&#xA;    [all group]: checking condition 1 of 1: [basic condition]&#xA;    [all group]: condition 1 of 1 was satisfied: [basic condition]&#xA;    [all group]: all conditions were satisfied&#xA;    [all group]: checking if all conditions are satisfied&#xA;    [all group]: checking condition 1 of 1: [.info.status]&#xA;      [.info.status]: Evaluating jq condition on resource&#xA;      [.info.status]: Comparing deployed with deployed&#xA;    [all group]: condition 1 of 1 was satisfied: [.info.status]&#xA;    [all group]: all conditions were satisfied&#xA;[all expectation]: expectation 3 of 3 was satisfied [helm expectation: ^simple-chart-1$]&#xA;[all expectation]: all expectations were satisfied&#xA;STEP: deleting the underlying resources - /mnt/d/code/symphony/test/integration/scenarios/06.ado/delete_test.go:98 @ 01/23/25 21:20:45.127&#xA;�[35m&gt;�[0m�[1m helm uninstall simple-chart-1 -n azure-iot-operations --wait�[0m&#xA;WARNING: Kubernetes configuration file is group-readable. This is insecure. Location: /home/yanjiaxin/.kube/config&#xA;WARNING: Kubernetes configuration file is world-readable. This is insecure. Location: /home/yanjiaxin/.kube/config&#xA;release &#34;simple-chart-1&#34; uninstalled&#xA;STEP: delete the orchestrator resource - /mnt/d/code/symphony/test/integration/scenarios/06.ado/delete_test.go:102 @ 01/23/25 21:20:45.747&#xA;�[35m&gt;�[0m�[1m kubectl delete -f -�[0m&#xA;instance.solution.symphony &#34;instance&#34; deleted&#xA;STEP: verifying the resources after deletion - /mnt/d/code/symphony/test/integration/scenarios/06.ado/delete_test.go:106 @ 01/23/25 21:20:55.924&#xA;[all expectation]: checking if all expectations are satisfied&#xA;[all expectation]: checking expectation 1 of 2: [solution.symphony/v1, Kind=Instance: ^instance$]&#xA;  [solution.symphony/v1, Kind=Instance: ^instance$]: --------------------------------------------------------------------------------&#xA;  [solution.symphony/v1, Kind=Instance: ^instance$]: Verifying resource&#xA;  [solution.symphony/v1, Kind=Instance: ^instance$]: Resource matches returned. 0 matches&#xA;[all expectation]: expectation 1 of 2 was satisfied [solution.symphony/v1, Kind=Instance: ^instance$]&#xA;[all expectation]: checking expectation 2 of 2: [fabric.symphony/v1, Kind=Target: ^target$]&#xA;  [fabric.symphony/v1, Kind=Target: ^target$]: --------------------------------------------------------------------------------&#xA;  [fabric.symphony/v1, Kind=Target: ^target$]: Verifying resource&#xA;  [fabric.symphony/v1, Kind=Target: ^target$]: Resource matches returned. 1 matches&#xA;    [all group]: checking if all conditions are satisfied&#xA;    [all group]: checking condition 1 of 1: [Provisioning Status]&#xA;      [Provisioning Status]: Evaluating jq condition on resource&#xA;      [Provisioning Status]: Comparing Succeeded with Succeeded&#xA;    [all group]: condition 1 of 1 was satisfied: [Provisioning Status]&#xA;    [all group]: all conditions were satisfied&#xA;[all expectation]: expectation 2 of 2 was satisfied [fabric.symphony/v1, Kind=Target: ^target$]&#xA;[all expectation]: all expectations were satisfied&#xA;&lt; Exit [It] it should delete the instance when the underlying helm release is already gone - /mnt/d/code/symphony/test/integration/scenarios/06.ado/delete_test.go:131 @ 01/23/25 21:20:55.93 (41.223s)&#xA;&gt; Enter [JustAfterEach] Delete - /mnt/d/code/symphony/test/integration/scenarios/06.ado/delete_test.go:49 @ 01/23/25 21:20:55.93&#xA;&lt; Exit [JustAfterEach] Delete - /mnt/d/code/symphony/test/integration/scenarios/06.ado/delete_test.go:49 @ 01/23/25 21:20:55.93 (0s)&#xA;</system-err>
          </testcase>
          <testcase name="[It] Delete when performing create/update operations it should delete the instance when the underlying kubernetes resource is already gone" classname="Scenarios Suite" status="passed" time="71.759423932">
              <system-err>&gt; Enter [It] it should delete the instance when the underlying kubernetes resource is already gone - /mnt/d/code/symphony/test/integration/scenarios/06.ado/delete_test.go:168 @ 01/23/25 21:20:55.93&#xA;STEP: deploy solution container - /mnt/d/code/symphony/test/integration/scenarios/06.ado/delete_test.go:60 @ 01/23/25 21:20:55.93&#xA;�[35m&gt;�[0m�[1m kubectl apply -f -�[0m&#xA;solutioncontainer.solution.symphony/solution unchanged&#xA;STEP: setting the components for the target - /mnt/d/code/symphony/test/integration/scenarios/06.ado/delete_test.go:66 @ 01/23/25 21:20:56.253&#xA;STEP: setting the components for the solution - /mnt/d/code/symphony/test/integration/scenarios/06.ado/delete_test.go:72 @ 01/23/25 21:20:56.253&#xA;STEP: preparing the instance bytes with a new operation id for the test - /mnt/d/code/symphony/test/integration/scenarios/06.ado/delete_test.go:78 @ 01/23/25 21:20:56.253&#xA;STEP: deploying the target - /mnt/d/code/symphony/test/integration/scenarios/06.ado/delete_test.go:82 @ 01/23/25 21:20:56.253&#xA;�[35m&gt;�[0m�[1m kubectl apply -f -�[0m&#xA;target.fabric.symphony/target configured&#xA;STEP: deploying the solution - /mnt/d/code/symphony/test/integration/scenarios/06.ado/delete_test.go:86 @ 01/23/25 21:20:56.399&#xA;�[35m&gt;�[0m�[1m kubectl apply -f -�[0m&#xA;solution.solution.symphony/solution-v-v1 configured&#xA;STEP: deploying the instance - /mnt/d/code/symphony/test/integration/scenarios/06.ado/delete_test.go:90 @ 01/23/25 21:20:56.56&#xA;�[35m&gt;�[0m�[1m kubectl apply -f -�[0m&#xA;instance.solution.symphony/instance created&#xA;STEP: verifying the resources before deletion - /mnt/d/code/symphony/test/integration/scenarios/06.ado/delete_test.go:94 @ 01/23/25 21:20:56.667&#xA;[all expectation]: checking if all expectations are satisfied&#xA;[all expectation]: checking expectation 1 of 2: [solution.symphony/v1, Kind=Instance: ^instance$]&#xA;  [solution.symphony/v1, Kind=Instance: ^instance$]: --------------------------------------------------------------------------------&#xA;  [solution.symphony/v1, Kind=Instance: ^instance$]: Verifying resource&#xA;  [solution.symphony/v1, Kind=Instance: ^instance$]: Resource matches returned. 1 matches&#xA;    [all group]: checking if all conditions are satisfied&#xA;    [all group]: checking condition 1 of 1: [Provisioning Status]&#xA;      [Provisioning Status]: Evaluating jq condition on resource&#xA;      [Provisioning Status]: Comparing Succeeded with &lt;nil&gt;&#xA;    [all group]: condition 1 of 1 failed: expected Succeeded, got nil&#xA;  [solution.symphony/v1, Kind=Instance: ^instance$]: Resource verification failed: expected Succeeded, got nil&#xA;  [solution.symphony/v1, Kind=Instance: ^instance$]: --------------------------------------------------------------------------------&#xA;  [solution.symphony/v1, Kind=Instance: ^instance$]: Verifying resource&#xA;  [solution.symphony/v1, Kind=Instance: ^instance$]: Resource matches returned. 1 matches&#xA;    [all group]: checking if all conditions are satisfied&#xA;    [all group]: checking condition 1 of 1: [Provisioning Status]&#xA;      [Provisioning Status]: Evaluating jq condition on resource&#xA;      [Provisioning Status]: Comparing Succeeded with Reconciling&#xA;    [all group]: condition 1 of 1 failed: expected Succeeded, got Reconciling&#xA;  [solution.symphony/v1, Kind=Instance: ^instance$]: Resource verification failed: expected Succeeded, got Reconciling&#xA;  [solution.symphony/v1, Kind=Instance: ^instance$]: --------------------------------------------------------------------------------&#xA;  [solution.symphony/v1, Kind=Instance: ^instance$]: Verifying resource&#xA;  [solution.symphony/v1, Kind=Instance: ^instance$]: Resource matches returned. 1 matches&#xA;    [all group]: checking if all conditions are satisfied&#xA;    [all group]: checking condition 1 of 1: [Provisioning Status]&#xA;      [Provisioning Status]: Evaluating jq condition on resource&#xA;      [Provisioning Status]: Comparing Succeeded with Succeeded&#xA;    [all group]: condition 1 of 1 was satisfied: [Provisioning Status]&#xA;    [all group]: all conditions were satisfied&#xA;[all expectation]: expectation 1 of 2 was satisfied [solution.symphony/v1, Kind=Instance: ^instance$]&#xA;[all expectation]: checking expectation 2 of 2: [fabric.symphony/v1, Kind=Target: ^target$]&#xA;  [fabric.symphony/v1, Kind=Target: ^target$]: --------------------------------------------------------------------------------&#xA;  [fabric.symphony/v1, Kind=Target: ^target$]: Verifying resource&#xA;  [fabric.symphony/v1, Kind=Target: ^target$]: Resource matches returned. 1 matches&#xA;    [all group]: checking if all conditions are satisfied&#xA;    [all group]: checking condition 1 of 1: [Provisioning Status]&#xA;      [Provisioning Status]: Evaluating jq condition on resource&#xA;      [Provisioning Status]: Comparing Succeeded with Succeeded&#xA;    [all group]: condition 1 of 1 was satisfied: [Provisioning Status]&#xA;    [all group]: all conditions were satisfied&#xA;[all expectation]: expectation 2 of 2 was satisfied [fabric.symphony/v1, Kind=Target: ^target$]&#xA;[all expectation]: all expectations were satisfied&#xA;STEP: deleting the underlying resources - /mnt/d/code/symphony/test/integration/scenarios/06.ado/delete_test.go:98 @ 01/23/25 21:21:16.676&#xA;�[35m&gt;�[0m�[1m kubectl delete configmap basic-configmap-1 -n azure-iot-operations�[0m&#xA;configmap &#34;basic-configmap-1&#34; deleted&#xA;STEP: delete the orchestrator resource - /mnt/d/code/symphony/test/integration/scenarios/06.ado/delete_test.go:102 @ 01/23/25 21:21:16.801&#xA;�[35m&gt;�[0m�[1m kubectl delete -f -�[0m&#xA;instance.solution.symphony &#34;instance&#34; deleted&#xA;STEP: verifying the resources after deletion - /mnt/d/code/symphony/test/integration/scenarios/06.ado/delete_test.go:106 @ 01/23/25 21:21:26.952&#xA;[all expectation]: checking if all expectations are satisfied&#xA;[all expectation]: checking expectation 1 of 2: [solution.symphony/v1, Kind=Instance: ^instance$]&#xA;  [solution.symphony/v1, Kind=Instance: ^instance$]: --------------------------------------------------------------------------------&#xA;  [solution.symphony/v1, Kind=Instance: ^instance$]: Verifying resource&#xA;  [solution.symphony/v1, Kind=Instance: ^instance$]: Resource matches returned. 0 matches&#xA;[all expectation]: expectation 1 of 2 was satisfied [solution.symphony/v1, Kind=Instance: ^instance$]&#xA;[all expectation]: checking expectation 2 of 2: [fabric.symphony/v1, Kind=Target: ^target$]&#xA;  [fabric.symphony/v1, Kind=Target: ^target$]: --------------------------------------------------------------------------------&#xA;  [fabric.symphony/v1, Kind=Target: ^target$]: Verifying resource&#xA;  [fabric.symphony/v1, Kind=Target: ^target$]: Resource matches returned. 1 matches&#xA;    [all group]: checking if all conditions are satisfied&#xA;    [all group]: checking condition 1 of 1: [Provisioning Status]&#xA;      [Provisioning Status]: Evaluating jq condition on resource&#xA;      [Provisioning Status]: Comparing Succeeded with Succeeded&#xA;    [all group]: condition 1 of 1 was satisfied: [Provisioning Status]&#xA;    [all group]: all conditions were satisfied&#xA;[all expectation]: expectation 2 of 2 was satisfied [fabric.symphony/v1, Kind=Target: ^target$]&#xA;[all expectation]: all expectations were satisfied&#xA;&lt; Exit [It] it should delete the instance when the underlying kubernetes resource is already gone - /mnt/d/code/symphony/test/integration/scenarios/06.ado/delete_test.go:168 @ 01/23/25 21:21:26.955 (31.026s)&#xA;&gt; Enter [JustAfterEach] Delete - /mnt/d/code/symphony/test/integration/scenarios/06.ado/delete_test.go:49 @ 01/23/25 21:21:26.955&#xA;&lt; Exit [JustAfterEach] Delete - /mnt/d/code/symphony/test/integration/scenarios/06.ado/delete_test.go:49 @ 01/23/25 21:21:26.955 (0s)&#xA;&gt; Enter [AfterAll] Delete - /mnt/d/code/symphony/test/integration/scenarios/06.ado/delete_test.go:42 @ 01/23/25 21:21:26.955&#xA;STEP: uninstalling orchestrator from the cluster - /mnt/d/code/symphony/test/integration/scenarios/06.ado/delete_test.go:43 @ 01/23/25 21:21:26.956&#xA;�[35m&gt;�[0m�[1m cd /mnt/d/code/symphony/test/localenv &amp;&amp; mage DumpSymphonyLogsForTest ginkgosuite_delete�[0m&#xA;&gt; mkdir -p /tmp/symphony-integration-test-logs/test_ginkgosuite_delete_20250123212127&#xA;&gt; kubectl logs &#39;deployment/symphony-api&#39; --all-containers -n default &gt; /tmp/symphony-integration-test-logs/test_ginkgosuite_delete_20250123212127/api.log&#xA;&gt; kubectl logs &#39;deployment/symphony-api&#39; --all-containers -n default --previous &gt; /tmp/symphony-integration-test-logs/test_ginkgosuite_delete_20250123212127/api-crash.log&#xA;&gt; kubectl logs &#39;deployment/symphony-controller-manager&#39; --all-containers -n default &gt; /tmp/symphony-integration-test-logs/test_ginkgosuite_delete_20250123212127/k8s.log&#xA;&gt; kubectl logs &#39;deployment/symphony-otel-collector&#39; --all-containers -n default &gt; /tmp/symphony-integration-test-logs/test_ginkgosuite_delete_20250123212127/otel-collector.log&#xA;Cannot collect otel-collector logs: exit status 1, it&#39;s ok when otel-collector is not deployed&#xA;&gt; kubectl logs &#39;ds/symphony-otel-forwarder&#39; --all-containers -n default &gt; /tmp/symphony-integration-test-logs/test_ginkgosuite_delete_20250123212127/otel-forwarder.log&#xA;Cannot to collect otel-forwarder logs: exit status 1, it&#39;s ok when otel-forwarder is not deployed&#xA;�[35m&gt;�[0m�[1m cd /mnt/d/code/symphony/test/localenv &amp;&amp; mage Destroy all,nowait�[0m&#xA;&gt; helm uninstall ecosystem -n default --wait&#xA;WARNING: Kubernetes configuration file is group-readable. This is insecure. Location: /home/yanjiaxin/.kube/config&#xA;WARNING: Kubernetes configuration file is world-readable. This is insecure. Location: /home/yanjiaxin/.kube/config&#xA;release &#34;ecosystem&#34; uninstalled&#xA;Waiting for all pods to go away...&#xA;All pods are cleaned up:  29.357109879s&#xA;&lt; Exit [AfterAll] Delete - /mnt/d/code/symphony/test/integration/scenarios/06.ado/delete_test.go:42 @ 01/23/25 21:22:07.685 (40.733s)&#xA;</system-err>
          </testcase>
      </testsuite>
  </testsuites>